#
# There is insufficient memory for the Java Runtime Environment to continue.
# Native memory allocation (malloc) failed to allocate 1424016 bytes for Chunk::new
# Possible reasons:
#   The system is out of physical RAM or swap space
#   The process is running with CompressedOops enabled, and the Java Heap may be blocking the growth of the native heap
# Possible solutions:
#   Reduce memory load on the system
#   Increase physical memory or swap space
#   Check if swap backing store is full
#   Decrease Java heap size (-Xmx/-Xms)
#   Decrease number of Java threads
#   Decrease Java thread stack sizes (-Xss)
#   Set larger code cache with -XX:ReservedCodeCacheSize=
#   JVM is running with Unscaled Compressed Oops mode in which the Java heap is
#     placed in the first 4GB address space. The Java Heap base address is the
#     maximum limit for the native heap growth. Please use -XX:HeapBaseMinAddress
#     to set the Java Heap base and to place the Java Heap above 4GB virtual address.
# This output file may be truncated or incomplete.
#
#  Out of Memory Error (allocation.cpp:389), pid=1360, tid=0x000000000000083c
#
# JRE version: OpenJDK Runtime Environment (8.0_242-b01) (build 1.8.0_242-release-1644-b01)
# Java VM: OpenJDK 64-Bit Server VM (25.242-b01 mixed mode windows-amd64 compressed oops)
# Failed to write core dump. Minidumps are not enabled by default on client versions of Windows
#

---------------  T H R E A D  ---------------

Current thread (0x0000000019cd7000):  JavaThread "C2 CompilerThread1" daemon [_thread_in_native, id=2108, stack(0x000000001a6b0000,0x000000001a7b0000)]

Stack: [0x000000001a6b0000,0x000000001a7b0000]
[error occurred during error reporting (printing stack bounds), id 0xc0000005]

Native frames: (J=compiled Java code, j=interpreted, Vv=VM code, C=native code)


Current CompileTask:
C2:   2795 4584       4       org.jetbrains.kotlin.load.java.structure.impl.classFiles.BinaryJavaMethodBase$Companion::create (480 bytes)


---------------  P R O C E S S  ---------------

Java Threads: ( => current thread )
  0x0000000019d60800 JavaThread "Service Thread" daemon [_thread_blocked, id=3848, stack(0x000000001a9b0000,0x000000001aab0000)]
  0x0000000019ce0800 JavaThread "C1 CompilerThread3" daemon [_thread_blocked, id=10272, stack(0x000000001a8b0000,0x000000001a9b0000)]
  0x0000000019cd8000 JavaThread "C2 CompilerThread2" daemon [_thread_blocked, id=10672, stack(0x000000001a7b0000,0x000000001a8b0000)]
=>0x0000000019cd7000 JavaThread "C2 CompilerThread1" daemon [_thread_in_native, id=2108, stack(0x000000001a6b0000,0x000000001a7b0000)]
  0x0000000019cd3000 JavaThread "C2 CompilerThread0" daemon [_thread_blocked, id=14064, stack(0x000000001a5b0000,0x000000001a6b0000)]
  0x0000000019cd2000 JavaThread "Attach Listener" daemon [_thread_blocked, id=588, stack(0x000000001a4b0000,0x000000001a5b0000)]
  0x0000000019cd1000 JavaThread "Signal Dispatcher" daemon [_thread_blocked, id=9612, stack(0x000000001a3b0000,0x000000001a4b0000)]
  0x0000000002f7a000 JavaThread "Finalizer" daemon [_thread_blocked, id=7648, stack(0x000000001a1a0000,0x000000001a2a0000)]
  0x0000000019cc0800 JavaThread "Reference Handler" daemon [_thread_blocked, id=1292, stack(0x000000001a0a0000,0x000000001a1a0000)]
  0x0000000002e83000 JavaThread "main" [_thread_in_vm, id=11380, stack(0x0000000002d80000,0x0000000002e80000)]

Other Threads:
  0x0000000017eb8800 VMThread [stack: 0x0000000019ba0000,0x0000000019ca0000] [id=2124]
  0x0000000019d62800 WatcherThread [stack: 0x000000001aab0000,0x000000001abb0000] [id=14012]

VM state:not at safepoint (normal execution)

VM Mutex/Monitor currently owned by a thread: None

heap address: 0x0000000082000000, size: 2016 MB, Compressed Oops mode: 32-bit
Narrow klass base: 0x0000000000000000, Narrow klass shift: 3
Compressed class space size: 1073741824 Address: 0x0000000100000000

Heap:
 PSYoungGen      total 99328K, used 86262K [0x00000000d6000000, 0x00000000dea00000, 0x0000000100000000)
  eden space 94208K, 91% used [0x00000000d6000000,0x00000000db43d880,0x00000000dbc00000)
  from space 5120K, 0% used [0x00000000de000000,0x00000000de000000,0x00000000de500000)
  to   space 5120K, 0% used [0x00000000de500000,0x00000000de500000,0x00000000dea00000)
 ParOldGen       total 66560K, used 26535K [0x0000000082000000, 0x0000000086100000, 0x00000000d6000000)
  object space 66560K, 39% used [0x0000000082000000,0x00000000839e9f38,0x0000000086100000)
 Metaspace       used 42204K, capacity 42827K, committed 43352K, reserved 1089536K
  class space    used 5297K, capacity 5478K, committed 5504K, reserved 1048576K

Card table byte_map: [0x0000000012340000,0x0000000012740000] byte_map_base: 0x0000000011f30000

Marking Bits: (ParMarkBitMap*) 0x00000000680cf030
 Begin Bits: [0x00000000131e0000, 0x0000000015160000)
 End Bits:   [0x0000000015160000, 0x00000000170e0000)

Polling page: 0x0000000000f80000

CodeCache: size=245760Kb used=16181Kb max_used=16181Kb free=229578Kb
 bounds [0x0000000002f80000, 0x0000000003f60000, 0x0000000011f80000]
 total_blobs=5500 nmethods=5058 adapters=353
 compilation: enabled

Compilation events (10 events):
Event: 2.790 Thread 0x0000000019ce0800 5060       3       org.jetbrains.kotlin.load.java.structure.impl.classFiles.BinaryJavaClass::getAnnotationsByFqName (23 bytes)
Event: 2.790 Thread 0x0000000019ce0800 nmethod 5060 0x0000000003f59890 code [0x0000000003f59a00, 0x0000000003f59d48]
Event: 2.790 Thread 0x0000000019ce0800 5061       1       org.jetbrains.kotlin.com.intellij.util.CachedValueBase$Data::access$200 (5 bytes)
Event: 2.790 Thread 0x0000000019ce0800 nmethod 5061 0x0000000003f59e90 code [0x0000000003f59fe0, 0x0000000003f5a0d0]
Event: 2.792 Thread 0x0000000019ce0800 5062       3       org.jetbrains.kotlin.psi.KtVisitor::visitExpression (7 bytes)
Event: 2.792 Thread 0x0000000019ce0800 nmethod 5062 0x0000000003f5a150 code [0x0000000003f5a2c0, 0x0000000003f5a4c8]
Event: 2.792 Thread 0x0000000019ce0800 5063       3       org.jetbrains.kotlin.psi.KtVisitorVoid::visitKtElement (10 bytes)
Event: 2.793 Thread 0x0000000019ce0800 nmethod 5063 0x0000000003f5a550 code [0x0000000003f5a6c0, 0x0000000003f5aaa8]
Event: 2.793 Thread 0x0000000019ce0800 5064       3       org.jetbrains.kotlin.com.intellij.psi.impl.source.tree.LeafPsiElement::acceptChildren (9 bytes)
Event: 2.793 Thread 0x0000000019ce0800 nmethod 5064 0x0000000003f5ab90 code [0x0000000003f5ad00, 0x0000000003f5aec8]

GC Heap History (10 events):
Event: 0.831 GC heap before
{Heap before GC invocations=3 (full 0):
 PSYoungGen      total 70656K, used 31636K [0x00000000d6000000, 0x00000000daa00000, 0x0000000100000000)
  eden space 65536K, 40% used [0x00000000d6000000,0x00000000d79e5f48,0x00000000da000000)
  from space 5120K, 99% used [0x00000000da500000,0x00000000da9ff260,0x00000000daa00000)
  to   space 5120K, 0% used [0x00000000da000000,0x00000000da000000,0x00000000da500000)
 ParOldGen       total 86016K, used 7034K [0x0000000082000000, 0x0000000087400000, 0x00000000d6000000)
  object space 86016K, 8% used [0x0000000082000000,0x00000000826de9b8,0x0000000087400000)
 Metaspace       used 20782K, capacity 21146K, committed 21248K, reserved 1067008K
  class space    used 2662K, capacity 2771K, committed 2816K, reserved 1048576K
Event: 0.837 GC heap after
Heap after GC invocations=3 (full 0):
 PSYoungGen      total 70656K, used 5117K [0x00000000d6000000, 0x00000000dea00000, 0x0000000100000000)
  eden space 65536K, 0% used [0x00000000d6000000,0x00000000d6000000,0x00000000da000000)
  from space 5120K, 99% used [0x00000000da000000,0x00000000da4ff508,0x00000000da500000)
  to   space 5120K, 0% used [0x00000000de500000,0x00000000de500000,0x00000000dea00000)
 ParOldGen       total 86016K, used 11725K [0x0000000082000000, 0x0000000087400000, 0x00000000d6000000)
  object space 86016K, 13% used [0x0000000082000000,0x0000000082b73718,0x0000000087400000)
 Metaspace       used 20782K, capacity 21146K, committed 21248K, reserved 1067008K
  class space    used 2662K, capacity 2771K, committed 2816K, reserved 1048576K
}
Event: 0.837 GC heap before
{Heap before GC invocations=4 (full 1):
 PSYoungGen      total 70656K, used 5117K [0x00000000d6000000, 0x00000000dea00000, 0x0000000100000000)
  eden space 65536K, 0% used [0x00000000d6000000,0x00000000d6000000,0x00000000da000000)
  from space 5120K, 99% used [0x00000000da000000,0x00000000da4ff508,0x00000000da500000)
  to   space 5120K, 0% used [0x00000000de500000,0x00000000de500000,0x00000000dea00000)
 ParOldGen       total 86016K, used 11725K [0x0000000082000000, 0x0000000087400000, 0x00000000d6000000)
  object space 86016K, 13% used [0x0000000082000000,0x0000000082b73718,0x0000000087400000)
 Metaspace       used 20782K, capacity 21146K, committed 21248K, reserved 1067008K
  class space    used 2662K, capacity 2771K, committed 2816K, reserved 1048576K
Event: 0.860 GC heap after
Heap after GC invocations=4 (full 1):
 PSYoungGen      total 70656K, used 0K [0x00000000d6000000, 0x00000000dea00000, 0x0000000100000000)
  eden space 65536K, 0% used [0x00000000d6000000,0x00000000d6000000,0x00000000da000000)
  from space 5120K, 0% used [0x00000000da000000,0x00000000da000000,0x00000000da500000)
  to   space 5120K, 0% used [0x00000000de500000,0x00000000de500000,0x00000000dea00000)
 ParOldGen       total 66560K, used 9713K [0x0000000082000000, 0x0000000086100000, 0x00000000d6000000)
  object space 66560K, 14% used [0x0000000082000000,0x000000008297c450,0x0000000086100000)
 Metaspace       used 20782K, capacity 21146K, committed 21248K, reserved 1067008K
  class space    used 2662K, capacity 2771K, committed 2816K, reserved 1048576K
}
Event: 1.484 GC heap before
{Heap before GC invocations=5 (full 1):
 PSYoungGen      total 70656K, used 65536K [0x00000000d6000000, 0x00000000dea00000, 0x0000000100000000)
  eden space 65536K, 100% used [0x00000000d6000000,0x00000000da000000,0x00000000da000000)
  from space 5120K, 0% used [0x00000000da000000,0x00000000da000000,0x00000000da500000)
  to   space 5120K, 0% used [0x00000000de500000,0x00000000de500000,0x00000000dea00000)
 ParOldGen       total 66560K, used 9713K [0x0000000082000000, 0x0000000086100000, 0x00000000d6000000)
  object space 66560K, 14% used [0x0000000082000000,0x000000008297c450,0x0000000086100000)
 Metaspace       used 31802K, capacity 32358K, committed 32640K, reserved 1077248K
  class space    used 4035K, capacity 4185K, committed 4224K, reserved 1048576K
Event: 1.494 GC heap after
Heap after GC invocations=5 (full 1):
 PSYoungGen      total 99328K, used 5088K [0x00000000d6000000, 0x00000000dea00000, 0x0000000100000000)
  eden space 94208K, 0% used [0x00000000d6000000,0x00000000d6000000,0x00000000dbc00000)
  from space 5120K, 99% used [0x00000000de500000,0x00000000de9f8020,0x00000000dea00000)
  to   space 5120K, 0% used [0x00000000de000000,0x00000000de000000,0x00000000de500000)
 ParOldGen       total 66560K, used 22074K [0x0000000082000000, 0x0000000086100000, 0x00000000d6000000)
  object space 66560K, 33% used [0x0000000082000000,0x000000008358ebc8,0x0000000086100000)
 Metaspace       used 31802K, capacity 32358K, committed 32640K, reserved 1077248K
  class space    used 4035K, capacity 4185K, committed 4224K, reserved 1048576K
}
Event: 1.901 GC heap before
{Heap before GC invocations=6 (full 1):
 PSYoungGen      total 99328K, used 59823K [0x00000000d6000000, 0x00000000dea00000, 0x0000000100000000)
  eden space 94208K, 58% used [0x00000000d6000000,0x00000000d9573cf0,0x00000000dbc00000)
  from space 5120K, 99% used [0x00000000de500000,0x00000000de9f8020,0x00000000dea00000)
  to   space 5120K, 0% used [0x00000000de000000,0x00000000de000000,0x00000000de500000)
 ParOldGen       total 66560K, used 22074K [0x0000000082000000, 0x0000000086100000, 0x00000000d6000000)
  object space 66560K, 33% used [0x0000000082000000,0x000000008358ebc8,0x0000000086100000)
 Metaspace       used 34651K, capacity 35148K, committed 35416K, reserved 1081344K
  class space    used 4313K, capacity 4448K, committed 4480K, reserved 1048576K
Event: 1.913 GC heap after
Heap after GC invocations=6 (full 1):
 PSYoungGen      total 99328K, used 5088K [0x00000000d6000000, 0x00000000dea00000, 0x0000000100000000)
  eden space 94208K, 0% used [0x00000000d6000000,0x00000000d6000000,0x00000000dbc00000)
  from space 5120K, 99% used [0x00000000de000000,0x00000000de4f8020,0x00000000de500000)
  to   space 5120K, 0% used [0x00000000de500000,0x00000000de500000,0x00000000dea00000)
 ParOldGen       total 66560K, used 36679K [0x0000000082000000, 0x0000000086100000, 0x00000000d6000000)
  object space 66560K, 55% used [0x0000000082000000,0x00000000843d1ee0,0x0000000086100000)
 Metaspace       used 34651K, capacity 35148K, committed 35416K, reserved 1081344K
  class space    used 4313K, capacity 4448K, committed 4480K, reserved 1048576K
}
Event: 1.913 GC heap before
{Heap before GC invocations=7 (full 2):
 PSYoungGen      total 99328K, used 5088K [0x00000000d6000000, 0x00000000dea00000, 0x0000000100000000)
  eden space 94208K, 0% used [0x00000000d6000000,0x00000000d6000000,0x00000000dbc00000)
  from space 5120K, 99% used [0x00000000de000000,0x00000000de4f8020,0x00000000de500000)
  to   space 5120K, 0% used [0x00000000de500000,0x00000000de500000,0x00000000dea00000)
 ParOldGen       total 66560K, used 36679K [0x0000000082000000, 0x0000000086100000, 0x00000000d6000000)
  object space 66560K, 55% used [0x0000000082000000,0x00000000843d1ee0,0x0000000086100000)
 Metaspace       used 34651K, capacity 35148K, committed 35416K, reserved 1081344K
  class space    used 4313K, capacity 4448K, committed 4480K, reserved 1048576K
Event: 1.965 GC heap after
Heap after GC invocations=7 (full 2):
 PSYoungGen      total 99328K, used 0K [0x00000000d6000000, 0x00000000dea00000, 0x0000000100000000)
  eden space 94208K, 0% used [0x00000000d6000000,0x00000000d6000000,0x00000000dbc00000)
  from space 5120K, 0% used [0x00000000de000000,0x00000000de000000,0x00000000de500000)
  to   space 5120K, 0% used [0x00000000de500000,0x00000000de500000,0x00000000dea00000)
 ParOldGen       total 66560K, used 26535K [0x0000000082000000, 0x0000000086100000, 0x00000000d6000000)
  object space 66560K, 39% used [0x0000000082000000,0x00000000839e9f38,0x0000000086100000)
 Metaspace       used 34651K, capacity 35148K, committed 35416K, reserved 1081344K
  class space    used 4313K, capacity 4448K, committed 4480K, reserved 1048576K
}

Deoptimization events (10 events):
Event: 2.733 Thread 0x0000000002e83000 Uncommon trap: reason=unstable_if action=reinterpret pc=0x0000000003b5c818 method=org.jetbrains.kotlin.types.TypeSubstitutor.substitute(Lorg/jetbrains/kotlin/types/TypeProjection;)Lorg/jetbrains/kotlin/types/TypeProjection; @ 13
Event: 2.755 Thread 0x0000000002e83000 Uncommon trap: reason=unstable_if action=reinterpret pc=0x0000000003105610 method=sun.nio.cs.UTF_8$Encoder.encode([CII[B)I @ 33
Event: 2.755 Thread 0x0000000002e83000 Uncommon trap: reason=unstable_if action=reinterpret pc=0x00000000031cdf3c method=sun.nio.cs.UTF_8$Decoder.decode([BII[C)I @ 30
Event: 2.755 Thread 0x0000000002e83000 Uncommon trap: reason=unstable_if action=reinterpret pc=0x00000000031d2178 method=sun.net.www.ParseUtil.encodePath(Ljava/lang/String;Z)Ljava/lang/String; @ 81
Event: 2.764 Thread 0x0000000002e83000 Uncommon trap: reason=unstable_if action=reinterpret pc=0x00000000031c3a74 method=java.util.HashMap.hash(Ljava/lang/Object;)I @ 1
Event: 2.766 Thread 0x0000000002e83000 Uncommon trap: reason=unstable_if action=reinterpret pc=0x00000000033d1ac4 method=org.jetbrains.kotlin.gnu.trove.TObjectHash.computeHashCode(Ljava/lang/Object;)I @ 1
Event: 2.766 Thread 0x0000000002e83000 Uncommon trap: reason=unstable_if action=reinterpret pc=0x00000000033d3e74 method=org.jetbrains.kotlin.gnu.trove.TObjectHash.computeHashCode(Ljava/lang/Object;)I @ 1
Event: 2.766 Thread 0x0000000002e83000 Uncommon trap: reason=unstable_if action=reinterpret pc=0x00000000033cbc84 method=org.jetbrains.kotlin.gnu.trove.TObjectHash.computeHashCode(Ljava/lang/Object;)I @ 1
Event: 2.769 Thread 0x0000000002e83000 Uncommon trap: reason=bimorphic action=maybe_recompile pc=0x000000000390d7fc method=kotlin.collections.CollectionsKt___CollectionsKt.toList(Ljava/lang/Iterable;)Ljava/util/List; @ 75
Event: 2.769 Thread 0x0000000002e83000 Uncommon trap: reason=bimorphic action=maybe_recompile pc=0x000000000390d7fc method=kotlin.collections.CollectionsKt___CollectionsKt.toList(Ljava/lang/Iterable;)Ljava/util/List; @ 75

Classes redefined (0 events):
No events

Internal exceptions (10 events):
Event: 2.370 Thread 0x0000000002e83000 Exception <a 'java/lang/NoSuchMethodError': java.lang.Object.lambda$static$0(I)[Lorg/jetbrains/kotlin/com/intellij/psi/PsiTypeParameter;> (0x00000000d8c68188) thrown at [C:\src\AOSP-openjdk-git\hotspot\src\share\vm\interpreter\linkResolver.cpp, line 620]
Event: 2.403 Thread 0x0000000002e83000 Exception <a 'java/lang/NoSuchMethodError': java.lang.Object.lambda$static$0(I)[Lorg/jetbrains/kotlin/com/intellij/psi/PsiMethod;> (0x00000000d8f22dd8) thrown at [C:\src\AOSP-openjdk-git\hotspot\src\share\vm\interpreter\linkResolver.cpp, line 620]
Event: 2.404 Thread 0x0000000002e83000 Exception <a 'java/lang/NoSuchMethodError': java.lang.Object.lambda$static$0(I)[Lorg/jetbrains/kotlin/com/intellij/psi/PsiField;> (0x00000000d8f2d9e8) thrown at [C:\src\AOSP-openjdk-git\hotspot\src\share\vm\interpreter\linkResolver.cpp, line 620]
Event: 2.418 Thread 0x0000000002e83000 Exception <a 'java/lang/NoSuchMethodError': java.lang.Object.lambda$static$0(I)[Lorg/jetbrains/kotlin/com/intellij/psi/PsiJavaCodeReferenceElement;> (0x00000000d9008100) thrown at [C:\src\AOSP-openjdk-git\hotspot\src\share\vm\interpreter\linkResolver.cpp,
Event: 2.474 Thread 0x0000000002e83000 Implicit null exception at 0x00000000035d410c to 0x00000000035d41b5
Event: 2.594 Thread 0x0000000002e83000 Implicit null exception at 0x0000000003e2d957 to 0x0000000003e2e32d
Event: 2.764 Thread 0x0000000002e83000 Implicit null exception at 0x00000000031c3895 to 0x00000000031c3a65
Event: 2.766 Thread 0x0000000002e83000 Implicit null exception at 0x00000000033d16e1 to 0x00000000033d1aa1
Event: 2.766 Thread 0x0000000002e83000 Implicit null exception at 0x00000000033d3ae6 to 0x00000000033d3e51
Event: 2.766 Thread 0x0000000002e83000 Implicit null exception at 0x00000000033cbc0c to 0x00000000033cbc76

Events (10 events):
Event: 2.794 loading class org/jetbrains/kotlin/resolve/diagnostics/KotlinSuppressCache$filter$1
Event: 2.794 loading class org/jetbrains/kotlin/resolve/diagnostics/KotlinSuppressCache$filter$1 done
Event: 2.794 loading class org/jetbrains/kotlin/resolve/diagnostics/DiagnosticsElementsCache
Event: 2.794 loading class org/jetbrains/kotlin/resolve/diagnostics/DiagnosticsElementsCache done
Event: 2.795 loading class org/jetbrains/kotlin/resolve/diagnostics/DiagnosticsElementsCache$1
Event: 2.795 loading class org/jetbrains/kotlin/resolve/diagnostics/DiagnosticsElementsCache$1 done
Event: 2.795 loading class org/jetbrains/kotlin/com/intellij/util/containers/ConcurrentMultiMap
Event: 2.795 loading class org/jetbrains/kotlin/com/intellij/util/containers/ConcurrentMultiMap done
Event: 2.795 loading class org/jetbrains/kotlin/diagnostics/DiagnosticUtils
Event: 2.795 loading class org/jetbrains/kotlin/diagnostics/DiagnosticUtils done


Dynamic libraries:
0x00007ff738840000 - 0x00007ff738871000 	C:\Program Files\Android Studio\jre\jre\bin\java.exe
0x00007ff91fb90000 - 0x00007ff91fd86000 	C:\WINDOWS\SYSTEM32\ntdll.dll
0x00007ff91e540000 - 0x00007ff91e5fd000 	C:\WINDOWS\System32\KERNEL32.DLL
0x00007ff91d5e0000 - 0x00007ff91d8a8000 	C:\WINDOWS\System32\KERNELBASE.dll
0x00007ff91ecd0000 - 0x00007ff91ed7c000 	C:\WINDOWS\System32\ADVAPI32.dll
0x00007ff91ee10000 - 0x00007ff91eeae000 	C:\WINDOWS\System32\msvcrt.dll
0x00007ff91e000000 - 0x00007ff91e09b000 	C:\WINDOWS\System32\sechost.dll
0x00007ff91e0a0000 - 0x00007ff91e1c4000 	C:\WINDOWS\System32\RPCRT4.dll
0x00007ff91f790000 - 0x00007ff91f930000 	C:\WINDOWS\System32\USER32.dll
0x00007ff91d9c0000 - 0x00007ff91d9e2000 	C:\WINDOWS\System32\win32u.dll
0x00007ff91e380000 - 0x00007ff91e3aa000 	C:\WINDOWS\System32\GDI32.dll
0x00007ff91d8b0000 - 0x00007ff91d9b9000 	C:\WINDOWS\System32\gdi32full.dll
0x00007ff91da50000 - 0x00007ff91daed000 	C:\WINDOWS\System32\msvcp_win.dll
0x00007ff91daf0000 - 0x00007ff91dbf0000 	C:\WINDOWS\System32\ucrtbase.dll
0x00007ff9042f0000 - 0x00007ff90458b000 	C:\WINDOWS\WinSxS\amd64_microsoft.windows.common-controls_6595b64144ccf1df_6.0.19041.488_none_ca04af081b815d21\COMCTL32.dll
0x00007ff91dbf0000 - 0x00007ff91dc20000 	C:\WINDOWS\System32\IMM32.DLL
0x0000000068720000 - 0x00000000687f2000 	C:\Program Files\Android Studio\jre\jre\bin\msvcr100.dll
0x0000000067900000 - 0x000000006814b000 	C:\Program Files\Android Studio\jre\jre\bin\server\jvm.dll
0x00007ff91eb90000 - 0x00007ff91eb98000 	C:\WINDOWS\System32\PSAPI.DLL
0x00007ff91a660000 - 0x00007ff91a669000 	C:\WINDOWS\SYSTEM32\WSOCK32.dll
0x00007ff914b90000 - 0x00007ff914b9a000 	C:\WINDOWS\SYSTEM32\VERSION.dll
0x00007ff9064e0000 - 0x00007ff906507000 	C:\WINDOWS\SYSTEM32\WINMM.dll
0x00007ff91e420000 - 0x00007ff91e48b000 	C:\WINDOWS\System32\WS2_32.dll
0x00007ff91a5e0000 - 0x00007ff91a5ef000 	C:\Program Files\Android Studio\jre\jre\bin\verify.dll
0x00007ff917360000 - 0x00007ff917389000 	C:\Program Files\Android Studio\jre\jre\bin\java.dll
0x00007ff917a20000 - 0x00007ff917a36000 	C:\Program Files\Android Studio\jre\jre\bin\zip.dll
0x00007ff91ef80000 - 0x00007ff91f6c1000 	C:\WINDOWS\System32\SHELL32.dll
0x00007ff91b400000 - 0x00007ff91bb95000 	C:\WINDOWS\SYSTEM32\windows.storage.dll
0x00007ff91dca0000 - 0x00007ff91dff5000 	C:\WINDOWS\System32\combase.dll
0x00007ff91cd40000 - 0x00007ff91cd6c000 	C:\WINDOWS\SYSTEM32\Wldp.dll
0x00007ff91faa0000 - 0x00007ff91fb4e000 	C:\WINDOWS\System32\SHCORE.dll
0x00007ff91f730000 - 0x00007ff91f785000 	C:\WINDOWS\System32\shlwapi.dll
0x00007ff91d200000 - 0x00007ff91d226000 	C:\WINDOWS\SYSTEM32\profapi.dll
0x00007ff917320000 - 0x00007ff91733a000 	C:\Program Files\Android Studio\jre\jre\bin\net.dll
0x00007ff91cac0000 - 0x00007ff91cb2a000 	C:\WINDOWS\system32\mswsock.dll
0x00007ff916d00000 - 0x00007ff916d13000 	C:\Program Files\Android Studio\jre\jre\bin\nio.dll

VM Arguments:
java_command: org.jetbrains.kotlin.cli.jvm.K2JVMCompiler -Xadd-compiler-builtins -Xbuild-file=C:\Users\Alexandr\AppData\Local\Temp\kjps8211954158031036070app_debug.script.xml -classpath C:\Users\Alexandr\.gradle\caches\modules-2\files-2.1\org.jetbrains.kotlin\kotlin-stdlib-jre7\1.2.30\b38fc19e670ebef931fef3ccdcb94eac2b65bb7d\kotlin-stdlib-jre7-1.2.30.jar;C:\Users\Alexandr\.gradle\caches\transforms-1\files-1.1\appcompat-v7-27.1.1.aar\84d1bae7313583b33d6d6782b28d5824\jars\classes.jar;C:\Users\Alexandr\.gradle\caches\transforms-1\files-1.1\constraint-layout-1.1.0.aar\336ee4c2cdb53c700e876d46a3a1f232\jars\classes.jar;C:\Users\Alexandr\.gradle\caches\transforms-1\files-1.1\app-debug.aar\ba17b905702170b96f2fafa4ff639bc3\jars\classes.jar;C:\Users\Alexandr\.gradle\caches\modules-2\files-2.1\org.jetbrains.kotlin\kotlin-stdlib\1.2.30\2dfac33f8b4e92c9dd1422cd286834701a6f6d6\kotlin-stdlib-1.2.30.jar;C:\Users\Alexandr\.gradle\caches\transforms-1\files-1.1\support-fragment-27.1.1.aar\465d3c67eba1e2dfe7bb9c28e0d761ae\jars\classes.jar;C:\Users\Alexandr\.gradle\caches\transforms-1\files-1.1\animated-vector-drawable-27.1.1.aar\1661beab54f3bdd1e98da4f40b4542ec\jars\classes.jar;C:\Users\Alexandr\.gradle\caches\transforms-1\files-1.1\support-core-ui-27.1.1.aar\996843aeeec91fab82c011f6f31f78f2\jars\classes.jar;C:\Users\Alexandr\.gradle\caches\transforms-1\files-1.1\support-core-utils-27.1.1.aar\e88ac6e27f7c1eb37a9db93350b0b51c\jars\classes.jar;C:\Users\Alexandr\.gradle\caches\transforms-1\files-1.1\support-vector-drawable-27.1.1.aar\f771da1d96ab328d35b3ba3864783744\jars\classes.jar;C:\Users\Alexandr\.gradle\caches\transforms-1\files-1.1\support-compat-27.1.1.aar\15a3af66f07c79ee9c16ca2f57e67d58\jars\classes.jar;C:\Users\Alexandr\.gradle\caches\modules-2\files-2.1\com.android.support\support-annotations\27.1.1\39ded76b5e1ce1c5b2688e1d25cdc20ecee32007\support-annotations-27.1.1.jar;C:\Users\Alexandr\.gradle\caches\modules-2\files-2.1\com.android.support.constraint\constraint-layout-solve
java_class_path (initial): C:\Users\Alexandr\.gradle\caches\modules-2\files-2.1\org.jetbrains.kotlin\kotlin-compiler-embeddable\1.2.30\9b3f10d4717b9ac238b287e9b6eb2b4eadd8e870\kotlin-compiler-embeddable-1.2.30.jar;C:\Users\Alexandr\.gradle\caches\modules-2\files-2.1\org.jetbrains.kotlin\kotlin-stdlib\1.2.30\2dfac33f8b4e92c9dd1422cd286834701a6f6d6\kotlin-stdlib-1.2.30.jar;C:\Users\Alexandr\.gradle\caches\modules-2\files-2.1\org.jetbrains.kotlin\kotlin-script-runtime\1.2.30\37ee7531a636e99b639f8b1544cdda27d0ee30b0\kotlin-script-runtime-1.2.30.jar;C:\Users\Alexandr\.gradle\caches\modules-2\files-2.1\org.jetbrains.kotlin\kotlin-reflect\1.2.30\9758025a415ee400e1f90ff222bcfec247779133\kotlin-reflect-1.2.30.jar;C:\Program Files\Android Studio\jre\lib\tools.jar
Launcher Type: SUN_STANDARD

Environment Variables:
JAVA_HOME=C:\Program Files\Java\jdk-15.0.1\bin
PATH=C:\Program Files\Common Files\Oracle\Java\javapath;C:\WINDOWS\system32;C:\WINDOWS;C:\WINDOWS\System32\Wbem;C:\WINDOWS\System32\WindowsPowerShell\v1.0\;C:\WINDOWS\System32\OpenSSH\;C:\Program Files\NVIDIA Corporation\NVIDIA NvDLISR;C:\Program Files (x86)\NVIDIA Corporation\PhysX\Common;C:\Program Files\Microsoft SQL Server\130\Tools\Binn\;C:\Program Files\Microsoft SQL Server\Client SDK\ODBC\170\Tools\Binn\;C:\Program Files\dotnet\;C:\Program Files (x86)\dotnet\;C:\Program Files\Java\jdk-15.0.1\bin;C:\Users\Alexandr\.dotnet\tools;C:\Programs\PyCharm 2020.1\bin;
USERNAME=Alexandr
OS=Windows_NT
PROCESSOR_IDENTIFIER=Intel64 Family 6 Model 165 Stepping 2, GenuineIntel



---------------  S Y S T E M  ---------------

OS: Windows 10.0 , 64 bit Build 19041 (10.0.19041.546)

CPU:total 8 (initial active 8) (4 cores per cpu, 2 threads per core) family 6 model 165 stepping 2, cmov, cx8, fxsr, mmx, sse, sse2, sse3, ssse3, sse4.1, sse4.2, popcnt, avx, avx2, aes, clmul, erms, 3dnowpref, lzcnt, ht, tsc, tscinvbit, bmi1, bmi2, adx

Memory: 4k page, physical 8253232k(432656k free), swap 14554928k(3464k free)

vm_info: OpenJDK 64-Bit Server VM (25.242-b01) for windows-amd64 JRE (1.8.0_242-release-1644-b01), built by "builder" with MS VC++ 10.0 (VS2010)

time: Sun Jan 31 17:03:07 2021
timezone: RTZ 2 (зима)
elapsed time: 2 seconds (0d 0h 0m 2s)

