#
# There is insufficient memory for the Java Runtime Environment to continue.
# Native memory allocation (malloc) failed to allocate 1220336 bytes for Chunk::new
# Possible reasons:
#   The system is out of physical RAM or swap space
#   The process is running with CompressedOops enabled, and the Java Heap may be blocking the growth of the native heap
# Possible solutions:
#   Reduce memory load on the system
#   Increase physical memory or swap space
#   Check if swap backing store is full
#   Decrease Java heap size (-Xmx/-Xms)
#   Decrease number of Java threads
#   Decrease Java thread stack sizes (-Xss)
#   Set larger code cache with -XX:ReservedCodeCacheSize=
#   JVM is running with Unscaled Compressed Oops mode in which the Java heap is
#     placed in the first 4GB address space. The Java Heap base address is the
#     maximum limit for the native heap growth. Please use -XX:HeapBaseMinAddress
#     to set the Java Heap base and to place the Java Heap above 4GB virtual address.
# This output file may be truncated or incomplete.
#
#  Out of Memory Error (allocation.cpp:389), pid=1228, tid=0x00000000000030e8
#
# JRE version: OpenJDK Runtime Environment (8.0_242-b01) (build 1.8.0_242-release-1644-b01)
# Java VM: OpenJDK 64-Bit Server VM (25.242-b01 mixed mode windows-amd64 compressed oops)
# Failed to write core dump. Minidumps are not enabled by default on client versions of Windows
#

---------------  T H R E A D  ---------------

Current thread (0x0000000018335000):  JavaThread "C2 CompilerThread1" daemon [_thread_in_native, id=12520, stack(0x0000000018d10000,0x0000000018e10000)]

Stack: [0x0000000018d10000,0x0000000018e10000]
[error occurred during error reporting (printing stack bounds), id 0xc0000005]

Native frames: (J=compiled Java code, j=interpreted, Vv=VM code, C=native code)


Current CompileTask:
C2:   3663 4361       4       org.jetbrains.kotlin.com.intellij.lang.java.parser.ExpressionParser::parseExpression (240 bytes)


---------------  P R O C E S S  ---------------

Java Threads: ( => current thread )
  0x0000000019514800 JavaThread "RMI RenewClean-[127.0.0.1:55659,org.jetbrains.kotlin.daemon.common.LoopbackNetworkInterface$ClientLoopbackSocketFactory@76dc8bbe]" daemon [_thread_blocked, id=13752, stack(0x000000001a8a0000,0x000000001a9a0000)]
  0x00000000194ec800 JavaThread "RMI TCP Connection(2)-127.0.0.1" daemon [_thread_in_vm, id=8248, stack(0x000000001a7a0000,0x000000001a8a0000)]
  0x00000000194e7800 JavaThread "RMI Scheduler(0)" daemon [_thread_blocked, id=11596, stack(0x000000001a6a0000,0x000000001a7a0000)]
  0x00000000194f2800 JavaThread "RMI TCP Connection(1)-127.0.0.1" daemon [_thread_in_native, id=6252, stack(0x000000001a3a0000,0x000000001a4a0000)]
  0x0000000002662800 JavaThread "DestroyJavaVM" [_thread_blocked, id=5940, stack(0x0000000002470000,0x0000000002570000)]
  0x0000000019455000 JavaThread "GC Daemon" daemon [_thread_blocked, id=8720, stack(0x000000001a150000,0x000000001a250000)]
  0x0000000019450000 JavaThread "RMI Reaper" [_thread_blocked, id=12636, stack(0x000000001a050000,0x000000001a150000)]
  0x00000000193fe800 JavaThread "Timer-0" daemon [_thread_blocked, id=8004, stack(0x0000000019e50000,0x0000000019f50000)]
  0x00000000193fc000 JavaThread "RMI TCP Accept-17854" daemon [_thread_in_native, id=11076, stack(0x0000000019d50000,0x0000000019e50000)]
  0x0000000018358000 JavaThread "Service Thread" daemon [_thread_blocked, id=2112, stack(0x0000000019010000,0x0000000019110000)]
  0x000000001833d800 JavaThread "C1 CompilerThread3" daemon [_thread_blocked, id=4220, stack(0x0000000018f10000,0x0000000019010000)]
  0x0000000018337800 JavaThread "C2 CompilerThread2" daemon [_thread_in_native, id=11052, stack(0x0000000018e10000,0x0000000018f10000)]
=>0x0000000018335000 JavaThread "C2 CompilerThread1" daemon [_thread_in_native, id=12520, stack(0x0000000018d10000,0x0000000018e10000)]
  0x0000000018330000 JavaThread "C2 CompilerThread0" daemon [_thread_in_native, id=6152, stack(0x0000000018c10000,0x0000000018d10000)]
  0x000000001832f000 JavaThread "Attach Listener" daemon [_thread_blocked, id=8492, stack(0x0000000018b10000,0x0000000018c10000)]
  0x000000001832e000 JavaThread "Signal Dispatcher" daemon [_thread_blocked, id=8944, stack(0x0000000018a10000,0x0000000018b10000)]
  0x0000000016521800 JavaThread "Finalizer" daemon [_thread_blocked, id=7244, stack(0x0000000018800000,0x0000000018900000)]
  0x0000000002759000 JavaThread "Reference Handler" daemon [_thread_blocked, id=4120, stack(0x0000000018700000,0x0000000018800000)]

Other Threads:
  0x0000000016518000 VMThread [stack: 0x0000000018200000,0x0000000018300000] [id=3652]
  0x0000000018359000 WatcherThread [stack: 0x0000000019110000,0x0000000019210000] [id=5048]

VM state:not at safepoint (normal execution)

VM Mutex/Monitor currently owned by a thread: None

heap address: 0x00000000a0000000, size: 1536 MB, Compressed Oops mode: 32-bit
Narrow klass base: 0x0000000000000000, Narrow klass shift: 3
Compressed class space size: 1073741824 Address: 0x0000000100000000

Heap:
 PSYoungGen      total 70656K, used 48552K [0x00000000e0000000, 0x00000000e4a00000, 0x0000000100000000)
  eden space 65536K, 66% used [0x00000000e0000000,0x00000000e2a6fe48,0x00000000e4000000)
  from space 5120K, 99% used [0x00000000e4000000,0x00000000e44fa5a0,0x00000000e4500000)
  to   space 5120K, 0% used [0x00000000e4500000,0x00000000e4500000,0x00000000e4a00000)
 ParOldGen       total 66560K, used 26376K [0x00000000a0000000, 0x00000000a4100000, 0x00000000e0000000)
  object space 66560K, 39% used [0x00000000a0000000,0x00000000a19c2188,0x00000000a4100000)
 Metaspace       used 42579K, capacity 43197K, committed 43648K, reserved 1087488K
  class space    used 5343K, capacity 5484K, committed 5504K, reserved 1048576K

Card table byte_map: [0x0000000011b20000,0x0000000011e30000] byte_map_base: 0x0000000011620000

Marking Bits: (ParMarkBitMap*) 0x00000000680cf030
 Begin Bits: [0x0000000012830000, 0x0000000014030000)
 End Bits:   [0x0000000014030000, 0x0000000015830000)

Polling page: 0x0000000000c90000

CodeCache: size=245760Kb used=14380Kb max_used=14380Kb free=231379Kb
 bounds [0x0000000002760000, 0x0000000003580000, 0x0000000011760000]
 total_blobs=5040 nmethods=4556 adapters=396
 compilation: enabled

Compilation events (10 events):
Event: 3.656 Thread 0x000000001833d800 4555       3       java.lang.invoke.MemberName::isField (7 bytes)
Event: 3.656 Thread 0x000000001833d800 nmethod 4555 0x000000000356bed0 code [0x000000000356c040, 0x000000000356c2b0]
Event: 3.657 Thread 0x000000001833d800 4556       3       org.jetbrains.kotlin.com.intellij.psi.impl.source.SubstrateRef$2::getContainingFile (31 bytes)
Event: 3.657 Thread 0x000000001833d800 nmethod 4556 0x00000000035741d0 code [0x0000000003574380, 0x0000000003574758]
Event: 3.658 Thread 0x000000001833d800 4557       3       org.jetbrains.kotlin.com.intellij.util.containers.ConcurrentIntObjectHashMap::spread (10 bytes)
Event: 3.658 Thread 0x000000001833d800 nmethod 4557 0x00000000035714d0 code [0x0000000003571620, 0x0000000003571770]
Event: 3.659 Thread 0x0000000018330000 4558       4       jdk.internal.org.objectweb.asm.ClassWriter::newUTF8 (70 bytes)
Event: 3.661 Thread 0x000000001833d800 4559       3       org.jetbrains.kotlin.com.intellij.extapi.psi.StubBasedPsiElementBase::<init> (36 bytes)
Event: 3.662 Thread 0x000000001833d800 nmethod 4559 0x00000000035748d0 code [0x0000000003574ac0, 0x00000000035752c8]
Event: 3.662 Thread 0x000000001833d800 4560       3       org.jetbrains.kotlin.com.intellij.psi.impl.source.SubstrateRef::createAstStrongRef (17 bytes)

GC Heap History (10 events):
Event: 1.772 GC heap before
{Heap before GC invocations=6 (full 2):
 PSYoungGen      total 37888K, used 32768K [0x00000000e0000000, 0x00000000e4a00000, 0x0000000100000000)
  eden space 32768K, 100% used [0x00000000e0000000,0x00000000e2000000,0x00000000e2000000)
  from space 5120K, 0% used [0x00000000e2000000,0x00000000e2000000,0x00000000e2500000)
  to   space 5120K, 0% used [0x00000000e4500000,0x00000000e4500000,0x00000000e4a00000)
 ParOldGen       total 66560K, used 10159K [0x00000000a0000000, 0x00000000a4100000, 0x00000000e0000000)
  object space 66560K, 15% used [0x00000000a0000000,0x00000000a09ebde0,0x00000000a4100000)
 Metaspace       used 24898K, capacity 25414K, committed 25600K, reserved 1071104K
  class space    used 3171K, capacity 3319K, committed 3328K, reserved 1048576K
Event: 1.777 GC heap after
Heap after GC invocations=6 (full 2):
 PSYoungGen      total 51712K, used 5102K [0x00000000e0000000, 0x00000000e4a00000, 0x0000000100000000)
  eden space 46592K, 0% used [0x00000000e0000000,0x00000000e0000000,0x00000000e2d80000)
  from space 5120K, 99% used [0x00000000e4500000,0x00000000e49fb9f0,0x00000000e4a00000)
  to   space 5120K, 0% used [0x00000000e4000000,0x00000000e4000000,0x00000000e4500000)
 ParOldGen       total 66560K, used 12134K [0x00000000a0000000, 0x00000000a4100000, 0x00000000e0000000)
  object space 66560K, 18% used [0x00000000a0000000,0x00000000a0bd9918,0x00000000a4100000)
 Metaspace       used 24898K, capacity 25414K, committed 25600K, reserved 1071104K
  class space    used 3171K, capacity 3319K, committed 3328K, reserved 1048576K
}
Event: 2.481 GC heap before
{Heap before GC invocations=7 (full 2):
 PSYoungGen      total 51712K, used 51694K [0x00000000e0000000, 0x00000000e4a00000, 0x0000000100000000)
  eden space 46592K, 100% used [0x00000000e0000000,0x00000000e2d80000,0x00000000e2d80000)
  from space 5120K, 99% used [0x00000000e4500000,0x00000000e49fb9f0,0x00000000e4a00000)
  to   space 5120K, 0% used [0x00000000e4000000,0x00000000e4000000,0x00000000e4500000)
 ParOldGen       total 66560K, used 12134K [0x00000000a0000000, 0x00000000a4100000, 0x00000000e0000000)
  object space 66560K, 18% used [0x00000000a0000000,0x00000000a0bd9918,0x00000000a4100000)
 Metaspace       used 33249K, capacity 33744K, committed 34176K, reserved 1079296K
  class space    used 4222K, capacity 4358K, committed 4480K, reserved 1048576K
Event: 2.491 GC heap after
Heap after GC invocations=7 (full 2):
 PSYoungGen      total 70656K, used 5105K [0x00000000e0000000, 0x00000000e4a00000, 0x0000000100000000)
  eden space 65536K, 0% used [0x00000000e0000000,0x00000000e0000000,0x00000000e4000000)
  from space 5120K, 99% used [0x00000000e4000000,0x00000000e44fc518,0x00000000e4500000)
  to   space 5120K, 0% used [0x00000000e4500000,0x00000000e4500000,0x00000000e4a00000)
 ParOldGen       total 66560K, used 23433K [0x00000000a0000000, 0x00000000a4100000, 0x00000000e0000000)
  object space 66560K, 35% used [0x00000000a0000000,0x00000000a16e27e8,0x00000000a4100000)
 Metaspace       used 33249K, capacity 33744K, committed 34176K, reserved 1079296K
  class space    used 4222K, capacity 4358K, committed 4480K, reserved 1048576K
}
Event: 2.602 GC heap before
{Heap before GC invocations=8 (full 2):
 PSYoungGen      total 70656K, used 17187K [0x00000000e0000000, 0x00000000e4a00000, 0x0000000100000000)
  eden space 65536K, 18% used [0x00000000e0000000,0x00000000e0bccac8,0x00000000e4000000)
  from space 5120K, 99% used [0x00000000e4000000,0x00000000e44fc518,0x00000000e4500000)
  to   space 5120K, 0% used [0x00000000e4500000,0x00000000e4500000,0x00000000e4a00000)
 ParOldGen       total 66560K, used 23433K [0x00000000a0000000, 0x00000000a4100000, 0x00000000e0000000)
  object space 66560K, 35% used [0x00000000a0000000,0x00000000a16e27e8,0x00000000a4100000)
 Metaspace       used 34698K, capacity 35186K, committed 35496K, reserved 1081344K
  class space    used 4388K, capacity 4533K, committed 4608K, reserved 1048576K
Event: 2.606 GC heap after
Heap after GC invocations=8 (full 2):
 PSYoungGen      total 70656K, used 5102K [0x00000000e0000000, 0x00000000e4a00000, 0x0000000100000000)
  eden space 65536K, 0% used [0x00000000e0000000,0x00000000e0000000,0x00000000e4000000)
  from space 5120K, 99% used [0x00000000e4500000,0x00000000e49fba30,0x00000000e4a00000)
  to   space 5120K, 0% used [0x00000000e4000000,0x00000000e4000000,0x00000000e4500000)
 ParOldGen       total 66560K, used 25594K [0x00000000a0000000, 0x00000000a4100000, 0x00000000e0000000)
  object space 66560K, 38% used [0x00000000a0000000,0x00000000a18fea40,0x00000000a4100000)
 Metaspace       used 34698K, capacity 35186K, committed 35496K, reserved 1081344K
  class space    used 4388K, capacity 4533K, committed 4608K, reserved 1048576K
}
Event: 2.606 GC heap before
{Heap before GC invocations=9 (full 3):
 PSYoungGen      total 70656K, used 5102K [0x00000000e0000000, 0x00000000e4a00000, 0x0000000100000000)
  eden space 65536K, 0% used [0x00000000e0000000,0x00000000e0000000,0x00000000e4000000)
  from space 5120K, 99% used [0x00000000e4500000,0x00000000e49fba30,0x00000000e4a00000)
  to   space 5120K, 0% used [0x00000000e4000000,0x00000000e4000000,0x00000000e4500000)
 ParOldGen       total 66560K, used 25594K [0x00000000a0000000, 0x00000000a4100000, 0x00000000e0000000)
  object space 66560K, 38% used [0x00000000a0000000,0x00000000a18fea40,0x00000000a4100000)
 Metaspace       used 34698K, capacity 35186K, committed 35496K, reserved 1081344K
  class space    used 4388K, capacity 4533K, committed 4608K, reserved 1048576K
Event: 2.653 GC heap after
Heap after GC invocations=9 (full 3):
 PSYoungGen      total 70656K, used 0K [0x00000000e0000000, 0x00000000e4a00000, 0x0000000100000000)
  eden space 65536K, 0% used [0x00000000e0000000,0x00000000e0000000,0x00000000e4000000)
  from space 5120K, 0% used [0x00000000e4500000,0x00000000e4500000,0x00000000e4a00000)
  to   space 5120K, 0% used [0x00000000e4000000,0x00000000e4000000,0x00000000e4500000)
 ParOldGen       total 66560K, used 14084K [0x00000000a0000000, 0x00000000a4100000, 0x00000000e0000000)
  object space 66560K, 21% used [0x00000000a0000000,0x00000000a0dc12e0,0x00000000a4100000)
 Metaspace       used 34698K, capacity 35186K, committed 35496K, reserved 1081344K
  class space    used 4388K, capacity 4533K, committed 4608K, reserved 1048576K
}
Event: 3.243 GC heap before
{Heap before GC invocations=10 (full 3):
 PSYoungGen      total 70656K, used 65536K [0x00000000e0000000, 0x00000000e4a00000, 0x0000000100000000)
  eden space 65536K, 100% used [0x00000000e0000000,0x00000000e4000000,0x00000000e4000000)
  from space 5120K, 0% used [0x00000000e4500000,0x00000000e4500000,0x00000000e4a00000)
  to   space 5120K, 0% used [0x00000000e4000000,0x00000000e4000000,0x00000000e4500000)
 ParOldGen       total 66560K, used 14084K [0x00000000a0000000, 0x00000000a4100000, 0x00000000e0000000)
  object space 66560K, 21% used [0x00000000a0000000,0x00000000a0dc12e0,0x00000000a4100000)
 Metaspace       used 38752K, capacity 39328K, committed 39808K, reserved 1083392K
  class space    used 4807K, capacity 4964K, committed 4992K, reserved 1048576K
Event: 3.254 GC heap after
Heap after GC invocations=10 (full 3):
 PSYoungGen      total 70656K, used 5097K [0x00000000e0000000, 0x00000000e4a00000, 0x0000000100000000)
  eden space 65536K, 0% used [0x00000000e0000000,0x00000000e0000000,0x00000000e4000000)
  from space 5120K, 99% used [0x00000000e4000000,0x00000000e44fa5a0,0x00000000e4500000)
  to   space 5120K, 0% used [0x00000000e4500000,0x00000000e4500000,0x00000000e4a00000)
 ParOldGen       total 66560K, used 26376K [0x00000000a0000000, 0x00000000a4100000, 0x00000000e0000000)
  object space 66560K, 39% used [0x00000000a0000000,0x00000000a19c2188,0x00000000a4100000)
 Metaspace       used 38752K, capacity 39328K, committed 39808K, reserved 1083392K
  class space    used 4807K, capacity 4964K, committed 4992K, reserved 1048576K
}

Deoptimization events (10 events):
Event: 3.616 Thread 0x00000000194ec800 Uncommon trap: reason=class_check action=maybe_recompile pc=0x000000000354cf5c method=org.jetbrains.kotlin.com.intellij.psi.impl.source.tree.TreeElement.rawRemoveUpToWithoutNotifications(Lorg/jetbrains/kotlin/com/intellij/psi/impl/source/tree/TreeElement;
Event: 3.616 Thread 0x00000000194ec800 Uncommon trap: reason=bimorphic action=maybe_recompile pc=0x000000000353e584 method=org.jetbrains.kotlin.com.intellij.psi.impl.source.tree.SharedImplUtil.findFileElement(Lorg/jetbrains/kotlin/com/intellij/lang/ASTNode;)Lorg/jetbrains/kotlin/com/intellij/l
Event: 3.616 Thread 0x00000000194ec800 Uncommon trap: reason=bimorphic action=maybe_recompile pc=0x000000000353e584 method=org.jetbrains.kotlin.com.intellij.psi.impl.source.tree.SharedImplUtil.findFileElement(Lorg/jetbrains/kotlin/com/intellij/lang/ASTNode;)Lorg/jetbrains/kotlin/com/intellij/l
Event: 3.616 Thread 0x00000000194ec800 Uncommon trap: reason=bimorphic action=maybe_recompile pc=0x000000000353e584 method=org.jetbrains.kotlin.com.intellij.psi.impl.source.tree.SharedImplUtil.findFileElement(Lorg/jetbrains/kotlin/com/intellij/lang/ASTNode;)Lorg/jetbrains/kotlin/com/intellij/l
Event: 3.616 Thread 0x00000000194ec800 Uncommon trap: reason=bimorphic action=maybe_recompile pc=0x000000000353e584 method=org.jetbrains.kotlin.com.intellij.psi.impl.source.tree.SharedImplUtil.findFileElement(Lorg/jetbrains/kotlin/com/intellij/lang/ASTNode;)Lorg/jetbrains/kotlin/com/intellij/l
Event: 3.634 Thread 0x00000000194ec800 Uncommon trap: reason=class_check action=maybe_recompile pc=0x000000000334c360 method=java.util.AbstractList.hashCode()I @ 36
Event: 3.635 Thread 0x00000000194ec800 Uncommon trap: reason=class_check action=maybe_recompile pc=0x000000000334c360 method=java.util.AbstractList.hashCode()I @ 36
Event: 3.641 Thread 0x00000000194ec800 Uncommon trap: reason=unstable_if action=reinterpret pc=0x000000000346da10 method=org.jetbrains.org.objectweb.asm.ClassReader.<init>([BII)V @ 19
Event: 3.655 Thread 0x00000000194ec800 Uncommon trap: reason=class_check action=maybe_recompile pc=0x000000000334c360 method=java.util.AbstractList.hashCode()I @ 36
Event: 3.655 Thread 0x00000000194ec800 Uncommon trap: reason=class_check action=maybe_recompile pc=0x000000000334c360 method=java.util.AbstractList.hashCode()I @ 36

Classes redefined (0 events):
No events

Internal exceptions (10 events):
Event: 1.542 Thread 0x00000000194ec800 Exception <a 'java/lang/NoSuchMethodError': java.lang.Object.lambda$static$0(I)[Lorg/jetbrains/kotlin/com/intellij/psi/PsiAnnotation;> (0x00000000e0be9278) thrown at [C:\src\AOSP-openjdk-git\hotspot\src\share\vm\interpreter\linkResolver.cpp, line 620]
Event: 2.457 Thread 0x00000000194ec800 Exception <a 'java/lang/NoSuchMethodError': java.lang.Object.lambda$static$0(I)[Lorg/jetbrains/kotlin/psi/KtExpression;> (0x00000000e2b196d0) thrown at [C:\src\AOSP-openjdk-git\hotspot\src\share\vm\interpreter\linkResolver.cpp, line 620]
Event: 2.499 Thread 0x00000000194ec800 Exception <a 'java/lang/NoSuchMethodError': java.lang.Object.lambda$static$0(I)[Lorg/jetbrains/kotlin/psi/KtDeclaration;> (0x00000000e0060220) thrown at [C:\src\AOSP-openjdk-git\hotspot\src\share\vm\interpreter\linkResolver.cpp, line 620]
Event: 2.504 Thread 0x00000000194ec800 Exception <a 'java/lang/NoSuchMethodError': java.lang.Object.lambda$static$0(I)[Lorg/jetbrains/kotlin/com/intellij/psi/PsiElement;> (0x00000000e00ed4c8) thrown at [C:\src\AOSP-openjdk-git\hotspot\src\share\vm\interpreter\linkResolver.cpp, line 620]
Event: 2.512 Thread 0x00000000194ec800 Exception <a 'java/lang/NoSuchMethodError': java.lang.Object.lambda$static$0(I)[Lorg/jetbrains/kotlin/psi/KtTypeElement;> (0x00000000e01adf70) thrown at [C:\src\AOSP-openjdk-git\hotspot\src\share\vm\interpreter\linkResolver.cpp, line 620]
Event: 2.710 Thread 0x00000000194ec800 Exception <a 'java/lang/NoSuchMethodError': java.lang.Object.lambda$static$0(I)[Lorg/jetbrains/kotlin/com/intellij/psi/PsiClass;> (0x00000000e0667810) thrown at [C:\src\AOSP-openjdk-git\hotspot\src\share\vm\interpreter\linkResolver.cpp, line 620]
Event: 3.581 Thread 0x00000000194ec800 Exception <a 'java/lang/NoSuchMethodError': java.lang.Object.lambda$static$0(I)[Lorg/jetbrains/kotlin/com/intellij/psi/PsiTypeElement;> (0x00000000e21eea00) thrown at [C:\src\AOSP-openjdk-git\hotspot\src\share\vm\interpreter\linkResolver.cpp, line 620]
Event: 3.632 Thread 0x00000000194ec800 Exception <a 'java/lang/NoSuchMethodError': java.lang.Object.lambda$static$0(I)[Lorg/jetbrains/kotlin/com/intellij/psi/PsiTypeParameter;> (0x00000000e2658d30) thrown at [C:\src\AOSP-openjdk-git\hotspot\src\share\vm\interpreter\linkResolver.cpp, line 620]
Event: 3.658 Thread 0x00000000194ec800 Exception <a 'java/lang/NoSuchMethodError': java.lang.Object.lambda$static$0(I)[Lorg/jetbrains/kotlin/com/intellij/psi/PsiMethod;> (0x00000000e292f9c0) thrown at [C:\src\AOSP-openjdk-git\hotspot\src\share\vm\interpreter\linkResolver.cpp, line 620]
Event: 3.659 Thread 0x00000000194ec800 Exception <a 'java/lang/NoSuchMethodError': java.lang.Object.lambda$static$0(I)[Lorg/jetbrains/kotlin/com/intellij/psi/PsiField;> (0x00000000e293a9a0) thrown at [C:\src\AOSP-openjdk-git\hotspot\src\share\vm\interpreter\linkResolver.cpp, line 620]

Events (10 events):
Event: 3.659 loading class org/jetbrains/kotlin/com/intellij/psi/impl/source/tree/java/EnumConstantElement
Event: 3.659 loading class org/jetbrains/kotlin/com/intellij/psi/impl/source/tree/java/EnumConstantElement done
Event: 3.660 loading class org/jetbrains/kotlin/com/intellij/psi/impl/source/PsiFieldImpl
Event: 3.660 loading class org/jetbrains/kotlin/com/intellij/psi/impl/source/PsiFieldImpl done
Event: 3.661 loading class org/jetbrains/kotlin/com/intellij/psi/impl/source/resolve/JavaResolveCache$ConstValueComputer
Event: 3.661 loading class org/jetbrains/kotlin/com/intellij/psi/impl/source/resolve/JavaResolveCache$ConstValueComputer done
Event: 3.661 loading class org/jetbrains/kotlin/load/java/structure/impl/JavaElementCollectionFromPsiArrayUtil$fields$1
Event: 3.661 loading class org/jetbrains/kotlin/load/java/structure/impl/JavaElementCollectionFromPsiArrayUtil$fields$1 done
Event: 3.662 loading class org/jetbrains/kotlin/com/intellij/psi/PsiEnumConstant
Event: 3.662 loading class org/jetbrains/kotlin/com/intellij/psi/PsiEnumConstant done


Dynamic libraries:
0x00007ff738840000 - 0x00007ff738871000 	C:\Program Files\Android Studio\jre\jre\bin\java.exe
0x00007ff91fb90000 - 0x00007ff91fd86000 	C:\WINDOWS\SYSTEM32\ntdll.dll
0x00007ff91e540000 - 0x00007ff91e5fd000 	C:\WINDOWS\System32\KERNEL32.DLL
0x00007ff91d5e0000 - 0x00007ff91d8a8000 	C:\WINDOWS\System32\KERNELBASE.dll
0x00007ff91ecd0000 - 0x00007ff91ed7c000 	C:\WINDOWS\System32\ADVAPI32.dll
0x00007ff91ee10000 - 0x00007ff91eeae000 	C:\WINDOWS\System32\msvcrt.dll
0x00007ff91e000000 - 0x00007ff91e09b000 	C:\WINDOWS\System32\sechost.dll
0x00007ff91e0a0000 - 0x00007ff91e1c4000 	C:\WINDOWS\System32\RPCRT4.dll
0x00007ff91f790000 - 0x00007ff91f930000 	C:\WINDOWS\System32\USER32.dll
0x00007ff91d9c0000 - 0x00007ff91d9e2000 	C:\WINDOWS\System32\win32u.dll
0x00007ff91e380000 - 0x00007ff91e3aa000 	C:\WINDOWS\System32\GDI32.dll
0x00007ff91d8b0000 - 0x00007ff91d9b9000 	C:\WINDOWS\System32\gdi32full.dll
0x00007ff91da50000 - 0x00007ff91daed000 	C:\WINDOWS\System32\msvcp_win.dll
0x00007ff91daf0000 - 0x00007ff91dbf0000 	C:\WINDOWS\System32\ucrtbase.dll
0x00007ff9042f0000 - 0x00007ff90458b000 	C:\WINDOWS\WinSxS\amd64_microsoft.windows.common-controls_6595b64144ccf1df_6.0.19041.488_none_ca04af081b815d21\COMCTL32.dll
0x00007ff91dbf0000 - 0x00007ff91dc20000 	C:\WINDOWS\System32\IMM32.DLL
0x0000000068720000 - 0x00000000687f2000 	C:\Program Files\Android Studio\jre\jre\bin\msvcr100.dll
0x0000000067900000 - 0x000000006814b000 	C:\Program Files\Android Studio\jre\jre\bin\server\jvm.dll
0x00007ff91eb90000 - 0x00007ff91eb98000 	C:\WINDOWS\System32\PSAPI.DLL
0x00007ff9064e0000 - 0x00007ff906507000 	C:\WINDOWS\SYSTEM32\WINMM.dll
0x00007ff914b90000 - 0x00007ff914b9a000 	C:\WINDOWS\SYSTEM32\VERSION.dll
0x00007ff91a660000 - 0x00007ff91a669000 	C:\WINDOWS\SYSTEM32\WSOCK32.dll
0x00007ff91e420000 - 0x00007ff91e48b000 	C:\WINDOWS\System32\WS2_32.dll
0x00007ff91a5e0000 - 0x00007ff91a5ef000 	C:\Program Files\Android Studio\jre\jre\bin\verify.dll
0x00007ff917360000 - 0x00007ff917389000 	C:\Program Files\Android Studio\jre\jre\bin\java.dll
0x00007ff917a20000 - 0x00007ff917a36000 	C:\Program Files\Android Studio\jre\jre\bin\zip.dll
0x00007ff91ef80000 - 0x00007ff91f6c1000 	C:\WINDOWS\System32\SHELL32.dll
0x00007ff91b400000 - 0x00007ff91bb95000 	C:\WINDOWS\SYSTEM32\windows.storage.dll
0x00007ff91dca0000 - 0x00007ff91dff5000 	C:\WINDOWS\System32\combase.dll
0x00007ff91cd40000 - 0x00007ff91cd6c000 	C:\WINDOWS\SYSTEM32\Wldp.dll
0x00007ff91faa0000 - 0x00007ff91fb4e000 	C:\WINDOWS\System32\SHCORE.dll
0x00007ff91f730000 - 0x00007ff91f785000 	C:\WINDOWS\System32\shlwapi.dll
0x00007ff91d200000 - 0x00007ff91d226000 	C:\WINDOWS\SYSTEM32\profapi.dll
0x00007ff9193b0000 - 0x00007ff9193bd000 	C:\Program Files\Android Studio\jre\jre\bin\management.dll
0x00007ff917320000 - 0x00007ff91733a000 	C:\Program Files\Android Studio\jre\jre\bin\net.dll
0x00007ff91cac0000 - 0x00007ff91cb2a000 	C:\WINDOWS\system32\mswsock.dll
0x00007ff916d00000 - 0x00007ff916d13000 	C:\Program Files\Android Studio\jre\jre\bin\nio.dll
0x00007ff91cc90000 - 0x00007ff91cca8000 	C:\WINDOWS\SYSTEM32\CRYPTSP.dll
0x00007ff91c3e0000 - 0x00007ff91c414000 	C:\WINDOWS\system32\rsaenh.dll
0x00007ff91d400000 - 0x00007ff91d427000 	C:\WINDOWS\System32\bcrypt.dll
0x00007ff91d1c0000 - 0x00007ff91d1ee000 	C:\WINDOWS\SYSTEM32\USERENV.dll
0x00007ff91d380000 - 0x00007ff91d3ff000 	C:\WINDOWS\System32\bcryptprimitives.dll
0x00007ff91ccb0000 - 0x00007ff91ccbc000 	C:\WINDOWS\SYSTEM32\CRYPTBASE.dll
0x00007ff91c760000 - 0x00007ff91c79b000 	C:\WINDOWS\SYSTEM32\IPHLPAPI.DLL
0x00007ff91e3b0000 - 0x00007ff91e3b8000 	C:\WINDOWS\System32\NSI.dll
0x00007ff915130000 - 0x00007ff915147000 	C:\WINDOWS\SYSTEM32\dhcpcsvc6.DLL
0x00007ff914f00000 - 0x00007ff914f1d000 	C:\WINDOWS\SYSTEM32\dhcpcsvc.DLL
0x00007ff91c7b0000 - 0x00007ff91c87b000 	C:\WINDOWS\SYSTEM32\DNSAPI.dll

VM Arguments:
jvm_args: -Djava.awt.headless=true -Djava.rmi.server.hostname=127.0.0.1 -Xmx1536m -Dkotlin.environment.keepalive 
java_command: org.jetbrains.kotlin.daemon.KotlinCompileDaemon --daemon-runFilesPath C:\Users\Alexandr\AppData\Local\kotlin\daemon --daemon-autoshutdownIdleSeconds=7200 --daemon-compilerClasspath C:\Users\Alexandr\.gradle\caches\modules-2\files-2.1\org.jetbrains.kotlin\kotlin-compiler-embeddable\1.2.30\9b3f10d4717b9ac238b287e9b6eb2b4eadd8e870\kotlin-compiler-embeddable-1.2.30.jar;C:\Users\Alexandr\.gradle\caches\modules-2\files-2.1\org.jetbrains.kotlin\kotlin-stdlib\1.2.30\2dfac33f8b4e92c9dd1422cd286834701a6f6d6\kotlin-stdlib-1.2.30.jar;C:\Users\Alexandr\.gradle\caches\modules-2\files-2.1\org.jetbrains.kotlin\kotlin-script-runtime\1.2.30\37ee7531a636e99b639f8b1544cdda27d0ee30b0\kotlin-script-runtime-1.2.30.jar;C:\Users\Alexandr\.gradle\caches\modules-2\files-2.1\org.jetbrains.kotlin\kotlin-reflect\1.2.30\9758025a415ee400e1f90ff222bcfec247779133\kotlin-reflect-1.2.30.jar;C:\Program Files\Android Studio\jre\lib\tools.jar
java_class_path (initial): C:\Users\Alexandr\.gradle\caches\modules-2\files-2.1\org.jetbrains.kotlin\kotlin-compiler-embeddable\1.2.30\9b3f10d4717b9ac238b287e9b6eb2b4eadd8e870\kotlin-compiler-embeddable-1.2.30.jar;C:\Users\Alexandr\.gradle\caches\modules-2\files-2.1\org.jetbrains.kotlin\kotlin-stdlib\1.2.30\2dfac33f8b4e92c9dd1422cd286834701a6f6d6\kotlin-stdlib-1.2.30.jar;C:\Users\Alexandr\.gradle\caches\modules-2\files-2.1\org.jetbrains.kotlin\kotlin-script-runtime\1.2.30\37ee7531a636e99b639f8b1544cdda27d0ee30b0\kotlin-script-runtime-1.2.30.jar;C:\Users\Alexandr\.gradle\caches\modules-2\files-2.1\org.jetbrains.kotlin\kotlin-reflect\1.2.30\9758025a415ee400e1f90ff222bcfec247779133\kotlin-reflect-1.2.30.jar;C:\Program Files\Android Studio\jre\lib\tools.jar
Launcher Type: SUN_STANDARD

Environment Variables:
JAVA_HOME=C:\Program Files\Java\jdk-15.0.1\bin
PATH=C:\Program Files\Common Files\Oracle\Java\javapath;C:\WINDOWS\system32;C:\WINDOWS;C:\WINDOWS\System32\Wbem;C:\WINDOWS\System32\WindowsPowerShell\v1.0\;C:\WINDOWS\System32\OpenSSH\;C:\Program Files\NVIDIA Corporation\NVIDIA NvDLISR;C:\Program Files (x86)\NVIDIA Corporation\PhysX\Common;C:\Program Files\Microsoft SQL Server\130\Tools\Binn\;C:\Program Files\Microsoft SQL Server\Client SDK\ODBC\170\Tools\Binn\;C:\Program Files\dotnet\;C:\Program Files (x86)\dotnet\;C:\Program Files\Java\jdk-15.0.1\bin;C:\Users\Alexandr\.dotnet\tools;C:\Programs\PyCharm 2020.1\bin;
USERNAME=Alexandr
OS=Windows_NT
PROCESSOR_IDENTIFIER=Intel64 Family 6 Model 165 Stepping 2, GenuineIntel



---------------  S Y S T E M  ---------------

OS: Windows 10.0 , 64 bit Build 19041 (10.0.19041.546)

CPU:total 8 (initial active 8) (4 cores per cpu, 2 threads per core) family 6 model 165 stepping 2, cmov, cx8, fxsr, mmx, sse, sse2, sse3, ssse3, sse4.1, sse4.2, popcnt, avx, avx2, aes, clmul, erms, 3dnowpref, lzcnt, ht, tsc, tscinvbit, bmi1, bmi2, adx

Memory: 4k page, physical 8253232k(346380k free), swap 14554928k(4600k free)

vm_info: OpenJDK 64-Bit Server VM (25.242-b01) for windows-amd64 JRE (1.8.0_242-release-1644-b01), built by "builder" with MS VC++ 10.0 (VS2010)

time: Sun Jan 31 17:02:30 2021
timezone: RTZ 2 (зима)
elapsed time: 3 seconds (0d 0h 0m 3s)

