#
# There is insufficient memory for the Java Runtime Environment to continue.
# Native memory allocation (malloc) failed to allocate 32744 bytes for ChunkPool::allocate
# Possible reasons:
#   The system is out of physical RAM or swap space
#   The process is running with CompressedOops enabled, and the Java Heap may be blocking the growth of the native heap
# Possible solutions:
#   Reduce memory load on the system
#   Increase physical memory or swap space
#   Check if swap backing store is full
#   Decrease Java heap size (-Xmx/-Xms)
#   Decrease number of Java threads
#   Decrease Java thread stack sizes (-Xss)
#   Set larger code cache with -XX:ReservedCodeCacheSize=
#   JVM is running with Unscaled Compressed Oops mode in which the Java heap is
#     placed in the first 4GB address space. The Java Heap base address is the
#     maximum limit for the native heap growth. Please use -XX:HeapBaseMinAddress
#     to set the Java Heap base and to place the Java Heap above 4GB virtual address.
# This output file may be truncated or incomplete.
#
#  Out of Memory Error (allocation.cpp:272), pid=10424, tid=0x0000000000002328
#
# JRE version: OpenJDK Runtime Environment (8.0_242-b01) (build 1.8.0_242-release-1644-b01)
# Java VM: OpenJDK 64-Bit Server VM (25.242-b01 mixed mode windows-amd64 compressed oops)
# Failed to write core dump. Minidumps are not enabled by default on client versions of Windows
#

---------------  T H R E A D  ---------------

Current thread (0x0000000019cfb800):  JavaThread "C2 CompilerThread2" daemon [_thread_in_native, id=9000, stack(0x000000001a7d0000,0x000000001a8d0000)]

Stack: [0x000000001a7d0000,0x000000001a8d0000]
[error occurred during error reporting (printing stack bounds), id 0xc0000005]

Native frames: (J=compiled Java code, j=interpreted, Vv=VM code, C=native code)


Current CompileTask:
C2:   1215 1883 %     4       java.util.Properties$LineReader::readLine @ 21 (468 bytes)


---------------  P R O C E S S  ---------------

Java Threads: ( => current thread )
  0x0000000019d91000 JavaThread "Service Thread" daemon [_thread_blocked, id=1224, stack(0x000000001a9d0000,0x000000001aad0000)]
  0x0000000019d00000 JavaThread "C1 CompilerThread3" daemon [_thread_in_native, id=13608, stack(0x000000001a8d0000,0x000000001a9d0000)]
=>0x0000000019cfb800 JavaThread "C2 CompilerThread2" daemon [_thread_in_native, id=9000, stack(0x000000001a7d0000,0x000000001a8d0000)]
  0x0000000019cfa800 JavaThread "C2 CompilerThread1" daemon [_thread_in_native, id=6456, stack(0x000000001a6d0000,0x000000001a7d0000)]
  0x0000000019cf2800 JavaThread "C2 CompilerThread0" daemon [_thread_in_native, id=14224, stack(0x000000001a5d0000,0x000000001a6d0000)]
  0x0000000019cf1800 JavaThread "Attach Listener" daemon [_thread_blocked, id=10788, stack(0x000000001a4d0000,0x000000001a5d0000)]
  0x0000000019cf0800 JavaThread "Signal Dispatcher" daemon [_thread_blocked, id=13860, stack(0x000000001a3d0000,0x000000001a4d0000)]
  0x0000000019ce1000 JavaThread "Finalizer" daemon [_thread_blocked, id=11104, stack(0x000000001a1c0000,0x000000001a2c0000)]
  0x0000000017edc000 JavaThread "Reference Handler" daemon [_thread_blocked, id=32, stack(0x000000001a0c0000,0x000000001a1c0000)]
  0x0000000002ea3000 JavaThread "main" [_thread_in_vm, id=2164, stack(0x0000000002da0000,0x0000000002ea0000)]

Other Threads:
  0x0000000017ed8000 VMThread [stack: 0x0000000019bc0000,0x0000000019cc0000] [id=2592]
  0x0000000019d91800 WatcherThread [stack: 0x000000001aad0000,0x000000001abd0000] [id=5712]

VM state:not at safepoint (normal execution)

VM Mutex/Monitor currently owned by a thread: None

heap address: 0x0000000082000000, size: 2016 MB, Compressed Oops mode: 32-bit
Narrow klass base: 0x0000000000000000, Narrow klass shift: 3
Compressed class space size: 1073741824 Address: 0x0000000100000000

Heap:
 PSYoungGen      total 70656K, used 40950K [0x00000000d6000000, 0x00000000dea00000, 0x0000000100000000)
  eden space 65536K, 62% used [0x00000000d6000000,0x00000000d87fdbc0,0x00000000da000000)
  from space 5120K, 0% used [0x00000000da000000,0x00000000da000000,0x00000000da500000)
  to   space 5120K, 0% used [0x00000000de500000,0x00000000de500000,0x00000000dea00000)
 ParOldGen       total 67072K, used 9749K [0x0000000082000000, 0x0000000086180000, 0x00000000d6000000)
  object space 67072K, 14% used [0x0000000082000000,0x00000000829856f8,0x0000000086180000)
 Metaspace       used 27467K, capacity 27910K, committed 28288K, reserved 1073152K
  class space    used 3523K, capacity 3675K, committed 3712K, reserved 1048576K

Card table byte_map: [0x0000000012360000,0x0000000012760000] byte_map_base: 0x0000000011f50000

Marking Bits: (ParMarkBitMap*) 0x00000000680cf030
 Begin Bits: [0x0000000013200000, 0x0000000015180000)
 End Bits:   [0x0000000015180000, 0x0000000017100000)

Polling page: 0x0000000002c60000

CodeCache: size=245760Kb used=5416Kb max_used=5429Kb free=240343Kb
 bounds [0x0000000002fa0000, 0x0000000003500000, 0x0000000011fa0000]
 total_blobs=2276 nmethods=1883 adapters=306
 compilation: enabled

Compilation events (10 events):
Event: 1.208 Thread 0x0000000019d00000 nmethod 1885 0x00000000034eb190 code [0x00000000034eb2e0, 0x00000000034eb3f0]
Event: 1.208 Thread 0x0000000019d00000 1890       3       java.util.Hashtable$Enumerator::nextElement (111 bytes)
Event: 1.208 Thread 0x0000000019d00000 nmethod 1890 0x00000000034eb450 code [0x00000000034eb5e0, 0x00000000034eba48]
Event: 1.208 Thread 0x0000000019d00000 1887       3       java.util.Hashtable$Enumerator::hasNext (5 bytes)
Event: 1.209 Thread 0x0000000019d00000 nmethod 1887 0x00000000034ebc50 code [0x00000000034ebdc0, 0x00000000034ebf48]
Event: 1.209 Thread 0x0000000019d00000 1889       3       java.util.Hashtable$Enumerator::next (27 bytes)
Event: 1.209 Thread 0x0000000019d00000 nmethod 1889 0x00000000034ebfd0 code [0x00000000034ec160, 0x00000000034ec3f8]
Event: 1.212 Thread 0x0000000019cfb800 nmethod 1882 0x00000000034efc90 code [0x00000000034efe00, 0x00000000034f06b8]
Event: 1.212 Thread 0x0000000019cfb800 1883 %     4       java.util.Properties$LineReader::readLine @ 21 (468 bytes)
Event: 1.213 Thread 0x0000000019d00000 1891       3       java.util.regex.Pattern::closure (477 bytes)

GC Heap History (8 events):
Event: 0.339 GC heap before
{Heap before GC invocations=1 (full 0):
 PSYoungGen      total 37888K, used 32768K [0x00000000d6000000, 0x00000000d8a00000, 0x0000000100000000)
  eden space 32768K, 100% used [0x00000000d6000000,0x00000000d8000000,0x00000000d8000000)
  from space 5120K, 0% used [0x00000000d8500000,0x00000000d8500000,0x00000000d8a00000)
  to   space 5120K, 0% used [0x00000000d8000000,0x00000000d8000000,0x00000000d8500000)
 ParOldGen       total 86016K, used 0K [0x0000000082000000, 0x0000000087400000, 0x00000000d6000000)
  object space 86016K, 0% used [0x0000000082000000,0x0000000082000000,0x0000000087400000)
 Metaspace       used 9130K, capacity 9780K, committed 10112K, reserved 1058816K
  class space    used 1026K, capacity 1072K, committed 1152K, reserved 1048576K
Event: 0.343 GC heap after
Heap after GC invocations=1 (full 0):
 PSYoungGen      total 37888K, used 5105K [0x00000000d6000000, 0x00000000daa00000, 0x0000000100000000)
  eden space 32768K, 0% used [0x00000000d6000000,0x00000000d6000000,0x00000000d8000000)
  from space 5120K, 99% used [0x00000000d8000000,0x00000000d84fc7f0,0x00000000d8500000)
  to   space 5120K, 0% used [0x00000000da500000,0x00000000da500000,0x00000000daa00000)
 ParOldGen       total 86016K, used 2714K [0x0000000082000000, 0x0000000087400000, 0x00000000d6000000)
  object space 86016K, 3% used [0x0000000082000000,0x00000000822a6870,0x0000000087400000)
 Metaspace       used 9130K, capacity 9780K, committed 10112K, reserved 1058816K
  class space    used 1026K, capacity 1072K, committed 1152K, reserved 1048576K
}
Event: 0.645 GC heap before
{Heap before GC invocations=2 (full 0):
 PSYoungGen      total 37888K, used 37873K [0x00000000d6000000, 0x00000000daa00000, 0x0000000100000000)
  eden space 32768K, 100% used [0x00000000d6000000,0x00000000d8000000,0x00000000d8000000)
  from space 5120K, 99% used [0x00000000d8000000,0x00000000d84fc7f0,0x00000000d8500000)
  to   space 5120K, 0% used [0x00000000da500000,0x00000000da500000,0x00000000daa00000)
 ParOldGen       total 86016K, used 2714K [0x0000000082000000, 0x0000000087400000, 0x00000000d6000000)
  object space 86016K, 3% used [0x0000000082000000,0x00000000822a6870,0x0000000087400000)
 Metaspace       used 17603K, capacity 17868K, committed 18176K, reserved 1064960K
  class space    used 2162K, capacity 2244K, committed 2304K, reserved 1048576K
Event: 0.650 GC heap after
Heap after GC invocations=2 (full 0):
 PSYoungGen      total 70656K, used 5100K [0x00000000d6000000, 0x00000000daa00000, 0x0000000100000000)
  eden space 65536K, 0% used [0x00000000d6000000,0x00000000d6000000,0x00000000da000000)
  from space 5120K, 99% used [0x00000000da500000,0x00000000da9fb250,0x00000000daa00000)
  to   space 5120K, 0% used [0x00000000da000000,0x00000000da000000,0x00000000da500000)
 ParOldGen       total 86016K, used 7154K [0x0000000082000000, 0x0000000087400000, 0x00000000d6000000)
  object space 86016K, 8% used [0x0000000082000000,0x00000000826fcbd0,0x0000000087400000)
 Metaspace       used 17603K, capacity 17868K, committed 18176K, reserved 1064960K
  class space    used 2162K, capacity 2244K, committed 2304K, reserved 1048576K
}
Event: 0.811 GC heap before
{Heap before GC invocations=3 (full 0):
 PSYoungGen      total 70656K, used 31613K [0x00000000d6000000, 0x00000000daa00000, 0x0000000100000000)
  eden space 65536K, 40% used [0x00000000d6000000,0x00000000d79e4440,0x00000000da000000)
  from space 5120K, 99% used [0x00000000da500000,0x00000000da9fb250,0x00000000daa00000)
  to   space 5120K, 0% used [0x00000000da000000,0x00000000da000000,0x00000000da500000)
 ParOldGen       total 86016K, used 7154K [0x0000000082000000, 0x0000000087400000, 0x00000000d6000000)
  object space 86016K, 8% used [0x0000000082000000,0x00000000826fcbd0,0x0000000087400000)
 Metaspace       used 20815K, capacity 21146K, committed 21248K, reserved 1067008K
  class space    used 2664K, capacity 2771K, committed 2816K, reserved 1048576K
Event: 0.817 GC heap after
Heap after GC invocations=3 (full 0):
 PSYoungGen      total 70656K, used 5117K [0x00000000d6000000, 0x00000000dea00000, 0x0000000100000000)
  eden space 65536K, 0% used [0x00000000d6000000,0x00000000d6000000,0x00000000da000000)
  from space 5120K, 99% used [0x00000000da000000,0x00000000da4ff508,0x00000000da500000)
  to   space 5120K, 0% used [0x00000000de500000,0x00000000de500000,0x00000000dea00000)
 ParOldGen       total 86016K, used 11881K [0x0000000082000000, 0x0000000087400000, 0x00000000d6000000)
  object space 86016K, 13% used [0x0000000082000000,0x0000000082b9a600,0x0000000087400000)
 Metaspace       used 20815K, capacity 21146K, committed 21248K, reserved 1067008K
  class space    used 2664K, capacity 2771K, committed 2816K, reserved 1048576K
}
Event: 0.817 GC heap before
{Heap before GC invocations=4 (full 1):
 PSYoungGen      total 70656K, used 5117K [0x00000000d6000000, 0x00000000dea00000, 0x0000000100000000)
  eden space 65536K, 0% used [0x00000000d6000000,0x00000000d6000000,0x00000000da000000)
  from space 5120K, 99% used [0x00000000da000000,0x00000000da4ff508,0x00000000da500000)
  to   space 5120K, 0% used [0x00000000de500000,0x00000000de500000,0x00000000dea00000)
 ParOldGen       total 86016K, used 11881K [0x0000000082000000, 0x0000000087400000, 0x00000000d6000000)
  object space 86016K, 13% used [0x0000000082000000,0x0000000082b9a600,0x0000000087400000)
 Metaspace       used 20815K, capacity 21146K, committed 21248K, reserved 1067008K
  class space    used 2664K, capacity 2771K, committed 2816K, reserved 1048576K
Event: 0.841 GC heap after
Heap after GC invocations=4 (full 1):
 PSYoungGen      total 70656K, used 0K [0x00000000d6000000, 0x00000000dea00000, 0x0000000100000000)
  eden space 65536K, 0% used [0x00000000d6000000,0x00000000d6000000,0x00000000da000000)
  from space 5120K, 0% used [0x00000000da000000,0x00000000da000000,0x00000000da500000)
  to   space 5120K, 0% used [0x00000000de500000,0x00000000de500000,0x00000000dea00000)
 ParOldGen       total 67072K, used 9749K [0x0000000082000000, 0x0000000086180000, 0x00000000d6000000)
  object space 67072K, 14% used [0x0000000082000000,0x00000000829856f8,0x0000000086180000)
 Metaspace       used 20815K, capacity 21146K, committed 21248K, reserved 1067008K
  class space    used 2664K, capacity 2771K, committed 2816K, reserved 1048576K
}

Deoptimization events (10 events):
Event: 0.588 Thread 0x0000000002ea3000 Uncommon trap: reason=unstable_if action=reinterpret pc=0x00000000031765d4 method=sun.misc.MetaIndex.mayContain(Ljava/lang/String;)Z @ 38
Event: 0.605 Thread 0x0000000002ea3000 Uncommon trap: reason=range_check action=make_not_entrant pc=0x0000000003291060 method=sun.reflect.generics.parser.SignatureParser.current()C @ 34
Event: 0.748 Thread 0x0000000002ea3000 Uncommon trap: reason=unstable_if action=reinterpret pc=0x0000000003163ff8 method=java.lang.String.<init>([CII)V @ 18
Event: 0.765 Thread 0x0000000002ea3000 Uncommon trap: reason=unstable_if action=reinterpret pc=0x00000000032a1324 method=java.lang.String.<init>([CII)V @ 18
Event: 0.950 Thread 0x0000000002ea3000 Uncommon trap: reason=class_check action=maybe_recompile pc=0x000000000341c4d4 method=org.jetbrains.kotlin.protobuf.CodedInputStream.tryRefillBuffer(I)Z @ 177
Event: 0.951 Thread 0x0000000002ea3000 Uncommon trap: reason=class_check action=maybe_recompile pc=0x000000000341c4d4 method=org.jetbrains.kotlin.protobuf.CodedInputStream.tryRefillBuffer(I)Z @ 177
Event: 0.952 Thread 0x0000000002ea3000 Uncommon trap: reason=unstable_if action=reinterpret pc=0x00000000033ccdb0 method=java.lang.String.startsWith(Ljava/lang/String;I)Z @ 25
Event: 0.952 Thread 0x0000000002ea3000 Uncommon trap: reason=unstable_if action=reinterpret pc=0x0000000003100348 method=java.lang.String.startsWith(Ljava/lang/String;I)Z @ 25
Event: 0.952 Thread 0x0000000002ea3000 Uncommon trap: reason=class_check action=maybe_recompile pc=0x000000000341c4d4 method=org.jetbrains.kotlin.protobuf.CodedInputStream.tryRefillBuffer(I)Z @ 177
Event: 0.953 Thread 0x0000000002ea3000 Uncommon trap: reason=class_check action=maybe_recompile pc=0x000000000341c4d4 method=org.jetbrains.kotlin.protobuf.CodedInputStream.tryRefillBuffer(I)Z @ 177

Classes redefined (0 events):
No events

Internal exceptions (10 events):
Event: 0.151 Thread 0x0000000002ea3000 Exception <a 'java/security/PrivilegedActionException'> (0x00000000d6a1b4e8) thrown at [C:\src\AOSP-openjdk-git\hotspot\src\share\vm\prims\jvm.cpp, line 1502]
Event: 0.151 Thread 0x0000000002ea3000 Exception <a 'java/security/PrivilegedActionException'> (0x00000000d6a1b8e0) thrown at [C:\src\AOSP-openjdk-git\hotspot\src\share\vm\prims\jvm.cpp, line 1502]
Event: 0.288 Thread 0x0000000002ea3000 Exception <a 'java/lang/ArrayIndexOutOfBoundsException'> (0x00000000d7a77b00) thrown at [C:\src\AOSP-openjdk-git\hotspot\src\share\vm\runtime\sharedRuntime.cpp, line 605]
Event: 0.437 Thread 0x0000000002ea3000 Exception <a 'java/lang/NoSuchFieldError': method resolution failed> (0x00000000d6962810) thrown at [C:\src\AOSP-openjdk-git\hotspot\src\share\vm\prims\methodHandles.cpp, line 1167]
Event: 0.438 Thread 0x0000000002ea3000 Exception <a 'java/lang/NoSuchFieldError': method resolution failed> (0x00000000d696fd48) thrown at [C:\src\AOSP-openjdk-git\hotspot\src\share\vm\prims\methodHandles.cpp, line 1167]
Event: 0.525 Thread 0x0000000002ea3000 Implicit null exception at 0x0000000003297c2f to 0x0000000003297c99
Event: 0.555 Thread 0x0000000002ea3000 Exception <a 'java/lang/NoSuchMethodError': java.lang.Object.lambda$comparing$77a9974f$1(Ljava/util/function/Function;Ljava/lang/Object;Ljava/lang/Object;)I> (0x00000000d75934b0) thrown at [C:\src\AOSP-openjdk-git\hotspot\src\share\vm\interpreter\linkReso
Event: 0.605 Thread 0x0000000002ea3000 Exception <a 'java/lang/ArrayIndexOutOfBoundsException': 60> (0x00000000d7b98be0) thrown at [C:\src\AOSP-openjdk-git\hotspot\src\share\vm\interpreter\interpreterRuntime.cpp, line 368]
Event: 0.679 Thread 0x0000000002ea3000 Exception <a 'java/lang/NoSuchMethodError': java.lang.Object.lambda$static$0(I)[Lorg/jetbrains/kotlin/com/intellij/openapi/editor/event/DocumentListener;> (0x00000000d6415280) thrown at [C:\src\AOSP-openjdk-git\hotspot\src\share\vm\interpreter\linkResolve
Event: 0.692 Thread 0x0000000002ea3000 Exception <a 'java/lang/NoSuchMethodError': java.lang.Object.lambda$static$0(I)[Lorg/jetbrains/kotlin/com/intellij/psi/PsiAnnotation;> (0x00000000d65fd1b8) thrown at [C:\src\AOSP-openjdk-git\hotspot\src\share\vm\interpreter\linkResolver.cpp, line 620]

Events (10 events):
Event: 1.213 loading class org/jetbrains/kotlin/android/synthetic/res/AndroidLayoutGroupData
Event: 1.213 loading class org/jetbrains/kotlin/android/synthetic/res/AndroidLayoutGroupData done
Event: 1.213 loading class org/jetbrains/kotlin/android/synthetic/AndroidXmlHandler
Event: 1.213 loading class org/jetbrains/kotlin/android/synthetic/AndroidXmlHandler done
Event: 1.214 loading class org/jetbrains/kotlin/android/synthetic/res/CliAndroidLayoutXmlFileManager$doExtractResources$$inlined$map$lambda$1
Event: 1.214 loading class org/jetbrains/kotlin/android/synthetic/res/CliAndroidLayoutXmlFileManager$doExtractResources$$inlined$map$lambda$1 done
Event: 1.214 loading class kotlin/jvm/functions/Function2
Event: 1.214 loading class kotlin/jvm/functions/Function2 done
Event: 1.215 loading class org/jetbrains/kotlin/android/synthetic/AndroidConstKt
Event: 1.215 loading class org/jetbrains/kotlin/android/synthetic/AndroidConstKt done


Dynamic libraries:
0x00007ff738840000 - 0x00007ff738871000 	C:\Program Files\Android Studio\jre\jre\bin\java.exe
0x00007ff91fb90000 - 0x00007ff91fd86000 	C:\WINDOWS\SYSTEM32\ntdll.dll
0x00007ff91e540000 - 0x00007ff91e5fd000 	C:\WINDOWS\System32\KERNEL32.DLL
0x00007ff91d5e0000 - 0x00007ff91d8a8000 	C:\WINDOWS\System32\KERNELBASE.dll
0x00007ff91ecd0000 - 0x00007ff91ed7c000 	C:\WINDOWS\System32\ADVAPI32.dll
0x00007ff91ee10000 - 0x00007ff91eeae000 	C:\WINDOWS\System32\msvcrt.dll
0x00007ff91e000000 - 0x00007ff91e09b000 	C:\WINDOWS\System32\sechost.dll
0x00007ff91e0a0000 - 0x00007ff91e1c4000 	C:\WINDOWS\System32\RPCRT4.dll
0x00007ff91f790000 - 0x00007ff91f930000 	C:\WINDOWS\System32\USER32.dll
0x00007ff91d9c0000 - 0x00007ff91d9e2000 	C:\WINDOWS\System32\win32u.dll
0x00007ff91e380000 - 0x00007ff91e3aa000 	C:\WINDOWS\System32\GDI32.dll
0x00007ff91d8b0000 - 0x00007ff91d9b9000 	C:\WINDOWS\System32\gdi32full.dll
0x00007ff91da50000 - 0x00007ff91daed000 	C:\WINDOWS\System32\msvcp_win.dll
0x00007ff91daf0000 - 0x00007ff91dbf0000 	C:\WINDOWS\System32\ucrtbase.dll
0x00007ff9042f0000 - 0x00007ff90458b000 	C:\WINDOWS\WinSxS\amd64_microsoft.windows.common-controls_6595b64144ccf1df_6.0.19041.488_none_ca04af081b815d21\COMCTL32.dll
0x00007ff91dbf0000 - 0x00007ff91dc20000 	C:\WINDOWS\System32\IMM32.DLL
0x0000000068720000 - 0x00000000687f2000 	C:\Program Files\Android Studio\jre\jre\bin\msvcr100.dll
0x0000000067900000 - 0x000000006814b000 	C:\Program Files\Android Studio\jre\jre\bin\server\jvm.dll
0x00007ff91eb90000 - 0x00007ff91eb98000 	C:\WINDOWS\System32\PSAPI.DLL
0x00007ff91a660000 - 0x00007ff91a669000 	C:\WINDOWS\SYSTEM32\WSOCK32.dll
0x00007ff914b90000 - 0x00007ff914b9a000 	C:\WINDOWS\SYSTEM32\VERSION.dll
0x00007ff9064e0000 - 0x00007ff906507000 	C:\WINDOWS\SYSTEM32\WINMM.dll
0x00007ff91e420000 - 0x00007ff91e48b000 	C:\WINDOWS\System32\WS2_32.dll
0x00007ff91a5e0000 - 0x00007ff91a5ef000 	C:\Program Files\Android Studio\jre\jre\bin\verify.dll
0x00007ff917360000 - 0x00007ff917389000 	C:\Program Files\Android Studio\jre\jre\bin\java.dll
0x00007ff917a20000 - 0x00007ff917a36000 	C:\Program Files\Android Studio\jre\jre\bin\zip.dll
0x00007ff91ef80000 - 0x00007ff91f6c1000 	C:\WINDOWS\System32\SHELL32.dll
0x00007ff91b400000 - 0x00007ff91bb95000 	C:\WINDOWS\SYSTEM32\windows.storage.dll
0x00007ff91dca0000 - 0x00007ff91dff5000 	C:\WINDOWS\System32\combase.dll
0x00007ff91cd40000 - 0x00007ff91cd6c000 	C:\WINDOWS\SYSTEM32\Wldp.dll
0x00007ff91faa0000 - 0x00007ff91fb4e000 	C:\WINDOWS\System32\SHCORE.dll
0x00007ff91f730000 - 0x00007ff91f785000 	C:\WINDOWS\System32\shlwapi.dll
0x00007ff91d200000 - 0x00007ff91d226000 	C:\WINDOWS\SYSTEM32\profapi.dll
0x00007ff917320000 - 0x00007ff91733a000 	C:\Program Files\Android Studio\jre\jre\bin\net.dll
0x00007ff91cac0000 - 0x00007ff91cb2a000 	C:\WINDOWS\system32\mswsock.dll
0x00007ff916d00000 - 0x00007ff916d13000 	C:\Program Files\Android Studio\jre\jre\bin\nio.dll

VM Arguments:
java_command: org.jetbrains.kotlin.cli.jvm.K2JVMCompiler -Xadd-compiler-builtins -Xbuild-file=C:\Users\Alexandr\AppData\Local\Temp\kjps348058687024059757app_debug.script.xml -classpath C:\Users\Alexandr\.gradle\caches\modules-2\files-2.1\org.jetbrains.kotlin\kotlin-stdlib-jre7\1.2.30\b38fc19e670ebef931fef3ccdcb94eac2b65bb7d\kotlin-stdlib-jre7-1.2.30.jar;C:\Users\Alexandr\.gradle\caches\transforms-1\files-1.1\appcompat-v7-27.1.1.aar\84d1bae7313583b33d6d6782b28d5824\jars\classes.jar;C:\Users\Alexandr\.gradle\caches\transforms-1\files-1.1\constraint-layout-1.1.0.aar\336ee4c2cdb53c700e876d46a3a1f232\jars\classes.jar;C:\Users\Alexandr\.gradle\caches\transforms-1\files-1.1\app-debug.aar\ba17b905702170b96f2fafa4ff639bc3\jars\classes.jar;C:\Users\Alexandr\.gradle\caches\modules-2\files-2.1\org.jetbrains.kotlin\kotlin-stdlib\1.2.30\2dfac33f8b4e92c9dd1422cd286834701a6f6d6\kotlin-stdlib-1.2.30.jar;C:\Users\Alexandr\.gradle\caches\transforms-1\files-1.1\support-fragment-27.1.1.aar\465d3c67eba1e2dfe7bb9c28e0d761ae\jars\classes.jar;C:\Users\Alexandr\.gradle\caches\transforms-1\files-1.1\animated-vector-drawable-27.1.1.aar\1661beab54f3bdd1e98da4f40b4542ec\jars\classes.jar;C:\Users\Alexandr\.gradle\caches\transforms-1\files-1.1\support-core-ui-27.1.1.aar\996843aeeec91fab82c011f6f31f78f2\jars\classes.jar;C:\Users\Alexandr\.gradle\caches\transforms-1\files-1.1\support-core-utils-27.1.1.aar\e88ac6e27f7c1eb37a9db93350b0b51c\jars\classes.jar;C:\Users\Alexandr\.gradle\caches\transforms-1\files-1.1\support-vector-drawable-27.1.1.aar\f771da1d96ab328d35b3ba3864783744\jars\classes.jar;C:\Users\Alexandr\.gradle\caches\transforms-1\files-1.1\support-compat-27.1.1.aar\15a3af66f07c79ee9c16ca2f57e67d58\jars\classes.jar;C:\Users\Alexandr\.gradle\caches\modules-2\files-2.1\com.android.support\support-annotations\27.1.1\39ded76b5e1ce1c5b2688e1d25cdc20ecee32007\support-annotations-27.1.1.jar;C:\Users\Alexandr\.gradle\caches\modules-2\files-2.1\com.android.support.constraint\constraint-layout-solver
java_class_path (initial): C:\Users\Alexandr\.gradle\caches\modules-2\files-2.1\org.jetbrains.kotlin\kotlin-compiler-embeddable\1.2.30\9b3f10d4717b9ac238b287e9b6eb2b4eadd8e870\kotlin-compiler-embeddable-1.2.30.jar;C:\Users\Alexandr\.gradle\caches\modules-2\files-2.1\org.jetbrains.kotlin\kotlin-stdlib\1.2.30\2dfac33f8b4e92c9dd1422cd286834701a6f6d6\kotlin-stdlib-1.2.30.jar;C:\Users\Alexandr\.gradle\caches\modules-2\files-2.1\org.jetbrains.kotlin\kotlin-script-runtime\1.2.30\37ee7531a636e99b639f8b1544cdda27d0ee30b0\kotlin-script-runtime-1.2.30.jar;C:\Users\Alexandr\.gradle\caches\modules-2\files-2.1\org.jetbrains.kotlin\kotlin-reflect\1.2.30\9758025a415ee400e1f90ff222bcfec247779133\kotlin-reflect-1.2.30.jar;C:\Program Files\Android Studio\jre\lib\tools.jar
Launcher Type: SUN_STANDARD

Environment Variables:
JAVA_HOME=C:\Program Files\Java\jdk-15.0.1\bin
PATH=C:\Program Files\Common Files\Oracle\Java\javapath;C:\WINDOWS\system32;C:\WINDOWS;C:\WINDOWS\System32\Wbem;C:\WINDOWS\System32\WindowsPowerShell\v1.0\;C:\WINDOWS\System32\OpenSSH\;C:\Program Files\NVIDIA Corporation\NVIDIA NvDLISR;C:\Program Files (x86)\NVIDIA Corporation\PhysX\Common;C:\Program Files\Microsoft SQL Server\130\Tools\Binn\;C:\Program Files\Microsoft SQL Server\Client SDK\ODBC\170\Tools\Binn\;C:\Program Files\dotnet\;C:\Program Files (x86)\dotnet\;C:\Program Files\Java\jdk-15.0.1\bin;C:\Users\Alexandr\.dotnet\tools;C:\Programs\PyCharm 2020.1\bin;
USERNAME=Alexandr
OS=Windows_NT
PROCESSOR_IDENTIFIER=Intel64 Family 6 Model 165 Stepping 2, GenuineIntel



---------------  S Y S T E M  ---------------

OS: Windows 10.0 , 64 bit Build 19041 (10.0.19041.546)

CPU:total 8 (initial active 8) (4 cores per cpu, 2 threads per core) family 6 model 165 stepping 2, cmov, cx8, fxsr, mmx, sse, sse2, sse3, ssse3, sse4.1, sse4.2, popcnt, avx, avx2, aes, clmul, erms, 3dnowpref, lzcnt, ht, tsc, tscinvbit, bmi1, bmi2, adx

Memory: 4k page, physical 8253232k(1304620k free), swap 14554928k(3104k free)

vm_info: OpenJDK 64-Bit Server VM (25.242-b01) for windows-amd64 JRE (1.8.0_242-release-1644-b01), built by "builder" with MS VC++ 10.0 (VS2010)

time: Sun Jan 31 17:04:07 2021
timezone: RTZ 2 (зима)
elapsed time: 1 seconds (0d 0h 0m 1s)

