#
# There is insufficient memory for the Java Runtime Environment to continue.
# Native memory allocation (malloc) failed to allocate 1422416 bytes for Chunk::new
# Possible reasons:
#   The system is out of physical RAM or swap space
#   The process is running with CompressedOops enabled, and the Java Heap may be blocking the growth of the native heap
# Possible solutions:
#   Reduce memory load on the system
#   Increase physical memory or swap space
#   Check if swap backing store is full
#   Decrease Java heap size (-Xmx/-Xms)
#   Decrease number of Java threads
#   Decrease Java thread stack sizes (-Xss)
#   Set larger code cache with -XX:ReservedCodeCacheSize=
#   JVM is running with Unscaled Compressed Oops mode in which the Java heap is
#     placed in the first 4GB address space. The Java Heap base address is the
#     maximum limit for the native heap growth. Please use -XX:HeapBaseMinAddress
#     to set the Java Heap base and to place the Java Heap above 4GB virtual address.
# This output file may be truncated or incomplete.
#
#  Out of Memory Error (allocation.cpp:389), pid=13372, tid=0x00000000000023f0
#
# JRE version: OpenJDK Runtime Environment (8.0_242-b01) (build 1.8.0_242-release-1644-b01)
# Java VM: OpenJDK 64-Bit Server VM (25.242-b01 mixed mode windows-amd64 compressed oops)
# Failed to write core dump. Minidumps are not enabled by default on client versions of Windows
#

---------------  T H R E A D  ---------------

Current thread (0x0000000018504800):  JavaThread "C2 CompilerThread1" daemon [_thread_in_native, id=9200, stack(0x0000000018ee0000,0x0000000018fe0000)]

Stack: [0x0000000018ee0000,0x0000000018fe0000]
[error occurred during error reporting (printing stack bounds), id 0xc0000005]

Native frames: (J=compiled Java code, j=interpreted, Vv=VM code, C=native code)


Current CompileTask:
C2:   9590 4690       4       org.jetbrains.kotlin.load.java.structure.impl.classFiles.BinaryJavaMethodBase$Companion::create (480 bytes)


---------------  P R O C E S S  ---------------

Java Threads: ( => current thread )
  0x00000000187f0000 JavaThread "RMI RenewClean-[127.0.0.1:55659,org.jetbrains.kotlin.daemon.common.LoopbackNetworkInterface$ClientLoopbackSocketFactory@d45724a]" daemon [_thread_blocked, id=2080, stack(0x000000001a970000,0x000000001aa70000)]
  0x00000000196ef000 JavaThread "RMI TCP Connection(2)-127.0.0.1" daemon [_thread_in_vm, id=10324, stack(0x000000001a870000,0x000000001a970000)]
  0x0000000018683000 JavaThread "RMI Scheduler(0)" daemon [_thread_blocked, id=6256, stack(0x000000001a770000,0x000000001a870000)]
  0x00000000195e5800 JavaThread "RMI TCP Connection(1)-127.0.0.1" daemon [_thread_in_native, id=11120, stack(0x000000001a120000,0x000000001a220000)]
  0x0000000002832800 JavaThread "DestroyJavaVM" [_thread_blocked, id=2368, stack(0x00000000026b0000,0x00000000027b0000)]
  0x0000000019664000 JavaThread "GC Daemon" daemon [_thread_blocked, id=10944, stack(0x000000001a320000,0x000000001a420000)]
  0x000000001965e800 JavaThread "RMI Reaper" [_thread_blocked, id=5204, stack(0x000000001a220000,0x000000001a320000)]
  0x00000000195ee800 JavaThread "Timer-0" daemon [_thread_blocked, id=8880, stack(0x000000001a020000,0x000000001a120000)]
  0x0000000019599800 JavaThread "RMI TCP Accept-17461" daemon [_thread_in_native, id=11948, stack(0x0000000019f20000,0x000000001a020000)]
  0x0000000018598000 JavaThread "Service Thread" daemon [_thread_blocked, id=1604, stack(0x00000000191e0000,0x00000000192e0000)]
  0x000000001850c000 JavaThread "C1 CompilerThread3" daemon [_thread_blocked, id=7288, stack(0x00000000190e0000,0x00000000191e0000)]
  0x0000000018507800 JavaThread "C2 CompilerThread2" daemon [_thread_blocked, id=14300, stack(0x0000000018fe0000,0x00000000190e0000)]
=>0x0000000018504800 JavaThread "C2 CompilerThread1" daemon [_thread_in_native, id=9200, stack(0x0000000018ee0000,0x0000000018fe0000)]
  0x0000000018500000 JavaThread "C2 CompilerThread0" daemon [_thread_blocked, id=13084, stack(0x0000000018de0000,0x0000000018ee0000)]
  0x00000000184ff000 JavaThread "Attach Listener" daemon [_thread_blocked, id=10140, stack(0x0000000018ce0000,0x0000000018de0000)]
  0x00000000184fe000 JavaThread "Signal Dispatcher" daemon [_thread_blocked, id=5772, stack(0x0000000018be0000,0x0000000018ce0000)]
  0x00000000166f1800 JavaThread "Finalizer" daemon [_thread_blocked, id=8788, stack(0x00000000189d0000,0x0000000018ad0000)]
  0x0000000002929000 JavaThread "Reference Handler" daemon [_thread_blocked, id=8664, stack(0x00000000188d0000,0x00000000189d0000)]

Other Threads:
  0x00000000166e8000 VMThread [stack: 0x00000000183d0000,0x00000000184d0000] [id=2624]
  0x0000000018599000 WatcherThread [stack: 0x00000000192e0000,0x00000000193e0000] [id=5988]

VM state:not at safepoint (normal execution)

VM Mutex/Monitor currently owned by a thread: None

heap address: 0x00000000a0000000, size: 1536 MB, Compressed Oops mode: 32-bit
Narrow klass base: 0x0000000000000000, Narrow klass shift: 3
Compressed class space size: 1073741824 Address: 0x0000000100000000

Heap:
 PSYoungGen      total 91136K, used 60231K [0x00000000e0000000, 0x00000000e7a00000, 0x0000000100000000)
  eden space 73728K, 58% used [0x00000000e0000000,0x00000000e29d9008,0x00000000e4800000)
  from space 17408K, 99% used [0x00000000e5e00000,0x00000000e6ef8f68,0x00000000e6f00000)
  to   space 22528K, 0% used [0x00000000e4800000,0x00000000e4800000,0x00000000e5e00000)
 ParOldGen       total 84992K, used 22669K [0x00000000a0000000, 0x00000000a5300000, 0x00000000e0000000)
  object space 84992K, 26% used [0x00000000a0000000,0x00000000a1623410,0x00000000a5300000)
 Metaspace       used 45677K, capacity 46373K, committed 46720K, reserved 1089536K
  class space    used 5729K, capacity 5894K, committed 6016K, reserved 1048576K

Card table byte_map: [0x0000000011cf0000,0x0000000012000000] byte_map_base: 0x00000000117f0000

Marking Bits: (ParMarkBitMap*) 0x00000000680cf030
 Begin Bits: [0x0000000012a00000, 0x0000000014200000)
 End Bits:   [0x0000000014200000, 0x0000000015a00000)

Polling page: 0x0000000001020000

CodeCache: size=245760Kb used=15979Kb max_used=15979Kb free=229780Kb
 bounds [0x0000000002930000, 0x00000000038e0000, 0x0000000011930000]
 total_blobs=5472 nmethods=4983 adapters=402
 compilation: enabled

Compilation events (10 events):
Event: 9.589 Thread 0x000000001850c000 5166       3       org.jetbrains.kotlin.cfg.pseudocodeTraverser.PseudocodeTraverserKt::getNextInstructions (35 bytes)
Event: 9.589 Thread 0x000000001850c000 nmethod 5166 0x00000000038d5710 code [0x00000000038d58c0, 0x00000000038d5d88]
Event: 9.589 Thread 0x000000001850c000 5165       1       javaslang.collection.HashArrayMappedTrieModule$EmptyNode::hashCode (2 bytes)
Event: 9.589 Thread 0x000000001850c000 nmethod 5165 0x00000000038d5f50 code [0x00000000038d60a0, 0x00000000038d61b0]
Event: 9.589 Thread 0x000000001850c000 5169       3       org.jetbrains.kotlin.com.intellij.openapi.util.Key::equals (11 bytes)
Event: 9.589 Thread 0x000000001850c000 nmethod 5169 0x00000000038d6210 code [0x00000000038d6360, 0x00000000038d6510]
Event: 9.589 Thread 0x000000001850c000 5167       3       org.jetbrains.kotlin.com.intellij.util.ArrayUtil::createArray (30 bytes)
Event: 9.589 Thread 0x000000001850c000 nmethod 5167 0x00000000038d6590 code [0x00000000038d6720, 0x00000000038d6ac8]
Event: 9.589 Thread 0x000000001850c000 5170       3       org.jetbrains.kotlin.cfg.pseudocode.instructions.InstructionImpl::getOwner (12 bytes)
Event: 9.590 Thread 0x000000001850c000 nmethod 5170 0x00000000038d6c10 code [0x00000000038d6dc0, 0x00000000038d73a8]

GC Heap History (10 events):
Event: 7.770 GC heap before
{Heap before GC invocations=7 (full 2):
 PSYoungGen      total 37888K, used 37881K [0x00000000e0000000, 0x00000000e4680000, 0x0000000100000000)
  eden space 32768K, 100% used [0x00000000e0000000,0x00000000e2000000,0x00000000e2000000)
  from space 5120K, 99% used [0x00000000e2500000,0x00000000e29fe4c0,0x00000000e2a00000)
  to   space 5120K, 0% used [0x00000000e2000000,0x00000000e2000000,0x00000000e2500000)
 ParOldGen       total 55808K, used 12323K [0x00000000a0000000, 0x00000000a3680000, 0x00000000e0000000)
  object space 55808K, 22% used [0x00000000a0000000,0x00000000a0c08f48,0x00000000a3680000)
 Metaspace       used 30267K, capacity 30726K, committed 31232K, reserved 1077248K
  class space    used 3834K, capacity 3997K, committed 4096K, reserved 1048576K
Event: 7.779 GC heap after
Heap after GC invocations=7 (full 2):
 PSYoungGen      total 37888K, used 5090K [0x00000000e0000000, 0x00000000e4680000, 0x0000000100000000)
  eden space 32768K, 0% used [0x00000000e0000000,0x00000000e0000000,0x00000000e2000000)
  from space 5120K, 99% used [0x00000000e2000000,0x00000000e24f8ae0,0x00000000e2500000)
  to   space 5120K, 0% used [0x00000000e4180000,0x00000000e4180000,0x00000000e4680000)
 ParOldGen       total 55808K, used 19527K [0x00000000a0000000, 0x00000000a3680000, 0x00000000e0000000)
  object space 55808K, 34% used [0x00000000a0000000,0x00000000a1311c88,0x00000000a3680000)
 Metaspace       used 30267K, capacity 30726K, committed 31232K, reserved 1077248K
  class space    used 3834K, capacity 3997K, committed 4096K, reserved 1048576K
}
Event: 8.070 GC heap before
{Heap before GC invocations=8 (full 2):
 PSYoungGen      total 37888K, used 30122K [0x00000000e0000000, 0x00000000e4680000, 0x0000000100000000)
  eden space 32768K, 76% used [0x00000000e0000000,0x00000000e1871e40,0x00000000e2000000)
  from space 5120K, 99% used [0x00000000e2000000,0x00000000e24f8ae0,0x00000000e2500000)
  to   space 5120K, 0% used [0x00000000e4180000,0x00000000e4180000,0x00000000e4680000)
 ParOldGen       total 55808K, used 19527K [0x00000000a0000000, 0x00000000a3680000, 0x00000000e0000000)
  object space 55808K, 34% used [0x00000000a0000000,0x00000000a1311c88,0x00000000a3680000)
 Metaspace       used 34702K, capacity 35190K, committed 35496K, reserved 1081344K
  class space    used 4390K, capacity 4533K, committed 4608K, reserved 1048576K
Event: 8.078 GC heap after
Heap after GC invocations=8 (full 2):
 PSYoungGen      total 56832K, used 5105K [0x00000000e0000000, 0x00000000e5a80000, 0x0000000100000000)
  eden space 51712K, 0% used [0x00000000e0000000,0x00000000e0000000,0x00000000e3280000)
  from space 5120K, 99% used [0x00000000e4180000,0x00000000e467c518,0x00000000e4680000)
  to   space 15360K, 0% used [0x00000000e3280000,0x00000000e3280000,0x00000000e4180000)
 ParOldGen       total 55808K, used 25757K [0x00000000a0000000, 0x00000000a3680000, 0x00000000e0000000)
  object space 55808K, 46% used [0x00000000a0000000,0x00000000a1927470,0x00000000a3680000)
 Metaspace       used 34702K, capacity 35190K, committed 35496K, reserved 1081344K
  class space    used 4390K, capacity 4533K, committed 4608K, reserved 1048576K
}
Event: 8.078 GC heap before
{Heap before GC invocations=9 (full 3):
 PSYoungGen      total 56832K, used 5105K [0x00000000e0000000, 0x00000000e5a80000, 0x0000000100000000)
  eden space 51712K, 0% used [0x00000000e0000000,0x00000000e0000000,0x00000000e3280000)
  from space 5120K, 99% used [0x00000000e4180000,0x00000000e467c518,0x00000000e4680000)
  to   space 15360K, 0% used [0x00000000e3280000,0x00000000e3280000,0x00000000e4180000)
 ParOldGen       total 55808K, used 25757K [0x00000000a0000000, 0x00000000a3680000, 0x00000000e0000000)
  object space 55808K, 46% used [0x00000000a0000000,0x00000000a1927470,0x00000000a3680000)
 Metaspace       used 34702K, capacity 35190K, committed 35496K, reserved 1081344K
  class space    used 4390K, capacity 4533K, committed 4608K, reserved 1048576K
Event: 8.113 GC heap after
Heap after GC invocations=9 (full 3):
 PSYoungGen      total 56832K, used 0K [0x00000000e0000000, 0x00000000e5a80000, 0x0000000100000000)
  eden space 51712K, 0% used [0x00000000e0000000,0x00000000e0000000,0x00000000e3280000)
  from space 5120K, 0% used [0x00000000e4180000,0x00000000e4180000,0x00000000e4680000)
  to   space 15360K, 0% used [0x00000000e3280000,0x00000000e3280000,0x00000000e4180000)
 ParOldGen       total 84992K, used 16980K [0x00000000a0000000, 0x00000000a5300000, 0x00000000e0000000)
  object space 84992K, 19% used [0x00000000a0000000,0x00000000a10951e8,0x00000000a5300000)
 Metaspace       used 34702K, capacity 35190K, committed 35496K, reserved 1081344K
  class space    used 4390K, capacity 4533K, committed 4608K, reserved 1048576K
}
Event: 8.560 GC heap before
{Heap before GC invocations=10 (full 3):
 PSYoungGen      total 56832K, used 51712K [0x00000000e0000000, 0x00000000e5a80000, 0x0000000100000000)
  eden space 51712K, 100% used [0x00000000e0000000,0x00000000e3280000,0x00000000e3280000)
  from space 5120K, 0% used [0x00000000e4180000,0x00000000e4180000,0x00000000e4680000)
  to   space 15360K, 0% used [0x00000000e3280000,0x00000000e3280000,0x00000000e4180000)
 ParOldGen       total 84992K, used 16980K [0x00000000a0000000, 0x00000000a5300000, 0x00000000e0000000)
  object space 84992K, 19% used [0x00000000a0000000,0x00000000a10951e8,0x00000000a5300000)
 Metaspace       used 38143K, capacity 38696K, committed 39040K, reserved 1083392K
  class space    used 4788K, capacity 4930K, committed 4992K, reserved 1048576K
Event: 8.569 GC heap after
Heap after GC invocations=10 (full 3):
 PSYoungGen      total 67072K, used 14997K [0x00000000e0000000, 0x00000000e6f00000, 0x0000000100000000)
  eden space 51712K, 0% used [0x00000000e0000000,0x00000000e0000000,0x00000000e3280000)
  from space 15360K, 97% used [0x00000000e3280000,0x00000000e41254a0,0x00000000e4180000)
  to   space 17408K, 0% used [0x00000000e5e00000,0x00000000e5e00000,0x00000000e6f00000)
 ParOldGen       total 84992K, used 16988K [0x00000000a0000000, 0x00000000a5300000, 0x00000000e0000000)
  object space 84992K, 19% used [0x00000000a0000000,0x00000000a10971e8,0x00000000a5300000)
 Metaspace       used 38143K, capacity 38696K, committed 39040K, reserved 1083392K
  class space    used 4788K, capacity 4930K, committed 4992K, reserved 1048576K
}
Event: 9.155 GC heap before
{Heap before GC invocations=11 (full 3):
 PSYoungGen      total 67072K, used 66709K [0x00000000e0000000, 0x00000000e6f00000, 0x0000000100000000)
  eden space 51712K, 100% used [0x00000000e0000000,0x00000000e3280000,0x00000000e3280000)
  from space 15360K, 97% used [0x00000000e3280000,0x00000000e41254a0,0x00000000e4180000)
  to   space 17408K, 0% used [0x00000000e5e00000,0x00000000e5e00000,0x00000000e6f00000)
 ParOldGen       total 84992K, used 16988K [0x00000000a0000000, 0x00000000a5300000, 0x00000000e0000000)
  object space 84992K, 19% used [0x00000000a0000000,0x00000000a10971e8,0x00000000a5300000)
 Metaspace       used 42137K, capacity 42731K, committed 43136K, reserved 1087488K
  class space    used 5285K, capacity 5441K, committed 5504K, reserved 1048576K
Event: 9.171 GC heap after
Heap after GC invocations=11 (full 3):
 PSYoungGen      total 91136K, used 17379K [0x00000000e0000000, 0x00000000e7a00000, 0x0000000100000000)
  eden space 73728K, 0% used [0x00000000e0000000,0x00000000e0000000,0x00000000e4800000)
  from space 17408K, 99% used [0x00000000e5e00000,0x00000000e6ef8f68,0x00000000e6f00000)
  to   space 22528K, 0% used [0x00000000e4800000,0x00000000e4800000,0x00000000e5e00000)
 ParOldGen       total 84992K, used 22669K [0x00000000a0000000, 0x00000000a5300000, 0x00000000e0000000)
  object space 84992K, 26% used [0x00000000a0000000,0x00000000a1623410,0x00000000a5300000)
 Metaspace       used 42137K, capacity 42731K, committed 43136K, reserved 1087488K
  class space    used 5285K, capacity 5441K, committed 5504K, reserved 1048576K
}

Deoptimization events (10 events):
Event: 9.535 Thread 0x00000000196ef000 Uncommon trap: reason=unstable_if action=reinterpret pc=0x0000000003589298 method=org.jetbrains.kotlin.types.TypeSubstitutor.substitute(Lorg/jetbrains/kotlin/types/TypeProjection;)Lorg/jetbrains/kotlin/types/TypeProjection; @ 13
Event: 9.557 Thread 0x00000000196ef000 Uncommon trap: reason=unstable_if action=reinterpret pc=0x0000000002bb7350 method=sun.nio.cs.UTF_8$Encoder.encode([CII[B)I @ 33
Event: 9.557 Thread 0x00000000196ef000 Uncommon trap: reason=unstable_if action=reinterpret pc=0x0000000002c3d8bc method=sun.nio.cs.UTF_8$Decoder.decode([BII[C)I @ 30
Event: 9.557 Thread 0x00000000196ef000 Uncommon trap: reason=unstable_if action=reinterpret pc=0x0000000002c42600 method=sun.net.www.ParseUtil.encodePath(Ljava/lang/String;Z)Ljava/lang/String; @ 81
Event: 9.569 Thread 0x00000000196ef000 Uncommon trap: reason=unstable_if action=reinterpret pc=0x0000000002bcd4b4 method=java.util.HashMap.hash(Ljava/lang/Object;)I @ 1
Event: 9.572 Thread 0x00000000196ef000 Uncommon trap: reason=unstable_if action=reinterpret pc=0x0000000002e0e604 method=org.jetbrains.kotlin.gnu.trove.TObjectHash.computeHashCode(Ljava/lang/Object;)I @ 1
Event: 9.572 Thread 0x00000000196ef000 Uncommon trap: reason=unstable_if action=reinterpret pc=0x0000000002e04770 method=org.jetbrains.kotlin.gnu.trove.TObjectHash.computeHashCode(Ljava/lang/Object;)I @ 1
Event: 9.572 Thread 0x00000000196ef000 Uncommon trap: reason=unstable_if action=reinterpret pc=0x0000000002e09284 method=org.jetbrains.kotlin.gnu.trove.TObjectHash.computeHashCode(Ljava/lang/Object;)I @ 1
Event: 9.576 Thread 0x00000000196ef000 Uncommon trap: reason=bimorphic action=maybe_recompile pc=0x000000000339077c method=kotlin.collections.CollectionsKt___CollectionsKt.toList(Ljava/lang/Iterable;)Ljava/util/List; @ 75
Event: 9.576 Thread 0x00000000196ef000 Uncommon trap: reason=bimorphic action=maybe_recompile pc=0x000000000339077c method=kotlin.collections.CollectionsKt___CollectionsKt.toList(Ljava/lang/Iterable;)Ljava/util/List; @ 75

Classes redefined (0 events):
No events

Internal exceptions (10 events):
Event: 9.177 Thread 0x00000000196ef000 Exception <a 'java/lang/NoSuchMethodError': java.lang.Object.lambda$static$0(I)[Lorg/jetbrains/kotlin/com/intellij/psi/PsiTypeParameter;> (0x00000000e0053458) thrown at [C:\src\AOSP-openjdk-git\hotspot\src\share\vm\interpreter\linkResolver.cpp, line 620]
Event: 9.209 Thread 0x00000000196ef000 Exception <a 'java/lang/NoSuchMethodError': java.lang.Object.lambda$static$0(I)[Lorg/jetbrains/kotlin/com/intellij/psi/PsiMethod;> (0x00000000e03f0300) thrown at [C:\src\AOSP-openjdk-git\hotspot\src\share\vm\interpreter\linkResolver.cpp, line 620]
Event: 9.210 Thread 0x00000000196ef000 Exception <a 'java/lang/NoSuchMethodError': java.lang.Object.lambda$static$0(I)[Lorg/jetbrains/kotlin/com/intellij/psi/PsiField;> (0x00000000e03fb2d8) thrown at [C:\src\AOSP-openjdk-git\hotspot\src\share\vm\interpreter\linkResolver.cpp, line 620]
Event: 9.226 Thread 0x00000000196ef000 Exception <a 'java/lang/NoSuchMethodError': java.lang.Object.lambda$static$0(I)[Lorg/jetbrains/kotlin/com/intellij/psi/PsiJavaCodeReferenceElement;> (0x00000000e04d7498) thrown at [C:\src\AOSP-openjdk-git\hotspot\src\share\vm\interpreter\linkResolver.cpp,
Event: 9.284 Thread 0x00000000196ef000 Implicit null exception at 0x000000000300d34c to 0x000000000300d3f5
Event: 9.404 Thread 0x00000000196ef000 Implicit null exception at 0x00000000037a4333 to 0x00000000037a4c59
Event: 9.569 Thread 0x00000000196ef000 Implicit null exception at 0x0000000002bcd2d5 to 0x0000000002bcd4a5
Event: 9.572 Thread 0x00000000196ef000 Implicit null exception at 0x0000000002e0e221 to 0x0000000002e0e5e1
Event: 9.572 Thread 0x00000000196ef000 Implicit null exception at 0x0000000002e043e6 to 0x0000000002e0474d
Event: 9.572 Thread 0x00000000196ef000 Implicit null exception at 0x0000000002e0920c to 0x0000000002e09276

Events (10 events):
Event: 9.588 loading class org/jetbrains/kotlin/cfg/PseudocodeVariablesData$variableUseStatusData$2
Event: 9.588 loading class org/jetbrains/kotlin/cfg/PseudocodeVariablesData$variableUseStatusData$2 done
Event: 9.588 loading class org/jetbrains/kotlin/cfg/VariableUseState
Event: 9.588 loading class org/jetbrains/kotlin/cfg/VariableUseState done
Event: 9.588 loading class org/jetbrains/kotlin/cfg/VariableUseState$Companion
Event: 9.588 loading class org/jetbrains/kotlin/cfg/VariableUseState$Companion done
Event: 9.589 loading class org/jetbrains/kotlin/cfg/pseudocode/instructions/jumps/ReturnValueInstruction
Event: 9.589 loading class org/jetbrains/kotlin/cfg/pseudocode/instructions/jumps/ReturnValueInstruction done
Event: 9.590 loading class org/jetbrains/kotlin/cfg/ControlFlowInformationProvider$collectReturnExpressions$1
Event: 9.590 loading class org/jetbrains/kotlin/cfg/ControlFlowInformationProvider$collectReturnExpressions$1 done


Dynamic libraries:
0x00007ff738840000 - 0x00007ff738871000 	C:\Program Files\Android Studio\jre\jre\bin\java.exe
0x00007ff91fb90000 - 0x00007ff91fd86000 	C:\WINDOWS\SYSTEM32\ntdll.dll
0x00007ff91e540000 - 0x00007ff91e5fd000 	C:\WINDOWS\System32\KERNEL32.DLL
0x00007ff91d5e0000 - 0x00007ff91d8a8000 	C:\WINDOWS\System32\KERNELBASE.dll
0x00007ff91ecd0000 - 0x00007ff91ed7c000 	C:\WINDOWS\System32\ADVAPI32.dll
0x00007ff91ee10000 - 0x00007ff91eeae000 	C:\WINDOWS\System32\msvcrt.dll
0x00007ff91e000000 - 0x00007ff91e09b000 	C:\WINDOWS\System32\sechost.dll
0x00007ff91e0a0000 - 0x00007ff91e1c4000 	C:\WINDOWS\System32\RPCRT4.dll
0x00007ff91f790000 - 0x00007ff91f930000 	C:\WINDOWS\System32\USER32.dll
0x00007ff91d9c0000 - 0x00007ff91d9e2000 	C:\WINDOWS\System32\win32u.dll
0x00007ff91e380000 - 0x00007ff91e3aa000 	C:\WINDOWS\System32\GDI32.dll
0x00007ff91d8b0000 - 0x00007ff91d9b9000 	C:\WINDOWS\System32\gdi32full.dll
0x00007ff91da50000 - 0x00007ff91daed000 	C:\WINDOWS\System32\msvcp_win.dll
0x00007ff91daf0000 - 0x00007ff91dbf0000 	C:\WINDOWS\System32\ucrtbase.dll
0x00007ff9042f0000 - 0x00007ff90458b000 	C:\WINDOWS\WinSxS\amd64_microsoft.windows.common-controls_6595b64144ccf1df_6.0.19041.488_none_ca04af081b815d21\COMCTL32.dll
0x00007ff91dbf0000 - 0x00007ff91dc20000 	C:\WINDOWS\System32\IMM32.DLL
0x0000000068720000 - 0x00000000687f2000 	C:\Program Files\Android Studio\jre\jre\bin\msvcr100.dll
0x0000000067900000 - 0x000000006814b000 	C:\Program Files\Android Studio\jre\jre\bin\server\jvm.dll
0x00007ff91eb90000 - 0x00007ff91eb98000 	C:\WINDOWS\System32\PSAPI.DLL
0x00007ff91a660000 - 0x00007ff91a669000 	C:\WINDOWS\SYSTEM32\WSOCK32.dll
0x00007ff9064e0000 - 0x00007ff906507000 	C:\WINDOWS\SYSTEM32\WINMM.dll
0x00007ff914b90000 - 0x00007ff914b9a000 	C:\WINDOWS\SYSTEM32\VERSION.dll
0x00007ff91e420000 - 0x00007ff91e48b000 	C:\WINDOWS\System32\WS2_32.dll
0x00007ff91a5e0000 - 0x00007ff91a5ef000 	C:\Program Files\Android Studio\jre\jre\bin\verify.dll
0x00007ff917360000 - 0x00007ff917389000 	C:\Program Files\Android Studio\jre\jre\bin\java.dll
0x00007ff917a20000 - 0x00007ff917a36000 	C:\Program Files\Android Studio\jre\jre\bin\zip.dll
0x00007ff91ef80000 - 0x00007ff91f6c1000 	C:\WINDOWS\System32\SHELL32.dll
0x00007ff91b400000 - 0x00007ff91bb95000 	C:\WINDOWS\SYSTEM32\windows.storage.dll
0x00007ff91dca0000 - 0x00007ff91dff5000 	C:\WINDOWS\System32\combase.dll
0x00007ff91cd40000 - 0x00007ff91cd6c000 	C:\WINDOWS\SYSTEM32\Wldp.dll
0x00007ff91faa0000 - 0x00007ff91fb4e000 	C:\WINDOWS\System32\SHCORE.dll
0x00007ff91f730000 - 0x00007ff91f785000 	C:\WINDOWS\System32\shlwapi.dll
0x00007ff91d200000 - 0x00007ff91d226000 	C:\WINDOWS\SYSTEM32\profapi.dll
0x00007ff9193b0000 - 0x00007ff9193bd000 	C:\Program Files\Android Studio\jre\jre\bin\management.dll
0x00007ff917320000 - 0x00007ff91733a000 	C:\Program Files\Android Studio\jre\jre\bin\net.dll
0x00007ff91cac0000 - 0x00007ff91cb2a000 	C:\WINDOWS\system32\mswsock.dll
0x00007ff916d00000 - 0x00007ff916d13000 	C:\Program Files\Android Studio\jre\jre\bin\nio.dll
0x00007ff91cc90000 - 0x00007ff91cca8000 	C:\WINDOWS\SYSTEM32\CRYPTSP.dll
0x00007ff91c3e0000 - 0x00007ff91c414000 	C:\WINDOWS\system32\rsaenh.dll
0x00007ff91d400000 - 0x00007ff91d427000 	C:\WINDOWS\System32\bcrypt.dll
0x00007ff91d1c0000 - 0x00007ff91d1ee000 	C:\WINDOWS\SYSTEM32\USERENV.dll
0x00007ff91d380000 - 0x00007ff91d3ff000 	C:\WINDOWS\System32\bcryptprimitives.dll
0x00007ff91ccb0000 - 0x00007ff91ccbc000 	C:\WINDOWS\SYSTEM32\CRYPTBASE.dll
0x00007ff91c760000 - 0x00007ff91c79b000 	C:\WINDOWS\SYSTEM32\IPHLPAPI.DLL
0x00007ff91e3b0000 - 0x00007ff91e3b8000 	C:\WINDOWS\System32\NSI.dll
0x00007ff915130000 - 0x00007ff915147000 	C:\WINDOWS\SYSTEM32\dhcpcsvc6.DLL
0x00007ff914f00000 - 0x00007ff914f1d000 	C:\WINDOWS\SYSTEM32\dhcpcsvc.DLL
0x00007ff91c7b0000 - 0x00007ff91c87b000 	C:\WINDOWS\SYSTEM32\DNSAPI.dll

VM Arguments:
jvm_args: -Djava.awt.headless=true -Djava.rmi.server.hostname=127.0.0.1 -Xmx1536m -Dkotlin.environment.keepalive 
java_command: org.jetbrains.kotlin.daemon.KotlinCompileDaemon --daemon-runFilesPath C:\Users\Alexandr\AppData\Local\kotlin\daemon --daemon-autoshutdownIdleSeconds=7200 --daemon-compilerClasspath C:\Users\Alexandr\.gradle\caches\modules-2\files-2.1\org.jetbrains.kotlin\kotlin-compiler-embeddable\1.2.30\9b3f10d4717b9ac238b287e9b6eb2b4eadd8e870\kotlin-compiler-embeddable-1.2.30.jar;C:\Users\Alexandr\.gradle\caches\modules-2\files-2.1\org.jetbrains.kotlin\kotlin-stdlib\1.2.30\2dfac33f8b4e92c9dd1422cd286834701a6f6d6\kotlin-stdlib-1.2.30.jar;C:\Users\Alexandr\.gradle\caches\modules-2\files-2.1\org.jetbrains.kotlin\kotlin-script-runtime\1.2.30\37ee7531a636e99b639f8b1544cdda27d0ee30b0\kotlin-script-runtime-1.2.30.jar;C:\Users\Alexandr\.gradle\caches\modules-2\files-2.1\org.jetbrains.kotlin\kotlin-reflect\1.2.30\9758025a415ee400e1f90ff222bcfec247779133\kotlin-reflect-1.2.30.jar;C:\Program Files\Android Studio\jre\lib\tools.jar
java_class_path (initial): C:\Users\Alexandr\.gradle\caches\modules-2\files-2.1\org.jetbrains.kotlin\kotlin-compiler-embeddable\1.2.30\9b3f10d4717b9ac238b287e9b6eb2b4eadd8e870\kotlin-compiler-embeddable-1.2.30.jar;C:\Users\Alexandr\.gradle\caches\modules-2\files-2.1\org.jetbrains.kotlin\kotlin-stdlib\1.2.30\2dfac33f8b4e92c9dd1422cd286834701a6f6d6\kotlin-stdlib-1.2.30.jar;C:\Users\Alexandr\.gradle\caches\modules-2\files-2.1\org.jetbrains.kotlin\kotlin-script-runtime\1.2.30\37ee7531a636e99b639f8b1544cdda27d0ee30b0\kotlin-script-runtime-1.2.30.jar;C:\Users\Alexandr\.gradle\caches\modules-2\files-2.1\org.jetbrains.kotlin\kotlin-reflect\1.2.30\9758025a415ee400e1f90ff222bcfec247779133\kotlin-reflect-1.2.30.jar;C:\Program Files\Android Studio\jre\lib\tools.jar
Launcher Type: SUN_STANDARD

Environment Variables:
JAVA_HOME=C:\Program Files\Java\jdk-15.0.1\bin
PATH=C:\Program Files\Common Files\Oracle\Java\javapath;C:\WINDOWS\system32;C:\WINDOWS;C:\WINDOWS\System32\Wbem;C:\WINDOWS\System32\WindowsPowerShell\v1.0\;C:\WINDOWS\System32\OpenSSH\;C:\Program Files\NVIDIA Corporation\NVIDIA NvDLISR;C:\Program Files (x86)\NVIDIA Corporation\PhysX\Common;C:\Program Files\Microsoft SQL Server\130\Tools\Binn\;C:\Program Files\Microsoft SQL Server\Client SDK\ODBC\170\Tools\Binn\;C:\Program Files\dotnet\;C:\Program Files (x86)\dotnet\;C:\Program Files\Java\jdk-15.0.1\bin;C:\Users\Alexandr\.dotnet\tools;C:\Programs\PyCharm 2020.1\bin;
USERNAME=Alexandr
OS=Windows_NT
PROCESSOR_IDENTIFIER=Intel64 Family 6 Model 165 Stepping 2, GenuineIntel



---------------  S Y S T E M  ---------------

OS: Windows 10.0 , 64 bit Build 19041 (10.0.19041.546)

CPU:total 8 (initial active 8) (4 cores per cpu, 2 threads per core) family 6 model 165 stepping 2, cmov, cx8, fxsr, mmx, sse, sse2, sse3, ssse3, sse4.1, sse4.2, popcnt, avx, avx2, aes, clmul, erms, 3dnowpref, lzcnt, ht, tsc, tscinvbit, bmi1, bmi2, adx

Memory: 4k page, physical 8253232k(462720k free), swap 14554928k(5660k free)

vm_info: OpenJDK 64-Bit Server VM (25.242-b01) for windows-amd64 JRE (1.8.0_242-release-1644-b01), built by "builder" with MS VC++ 10.0 (VS2010)

time: Sun Jan 31 17:02:58 2021
timezone: RTZ 2 (зима)
elapsed time: 9 seconds (0d 0h 0m 9s)

