#
# There is insufficient memory for the Java Runtime Environment to continue.
# Native memory allocation (malloc) failed to allocate 177312 bytes for Chunk::new
# Possible reasons:
#   The system is out of physical RAM or swap space
#   The process is running with CompressedOops enabled, and the Java Heap may be blocking the growth of the native heap
# Possible solutions:
#   Reduce memory load on the system
#   Increase physical memory or swap space
#   Check if swap backing store is full
#   Decrease Java heap size (-Xmx/-Xms)
#   Decrease number of Java threads
#   Decrease Java thread stack sizes (-Xss)
#   Set larger code cache with -XX:ReservedCodeCacheSize=
#   JVM is running with Unscaled Compressed Oops mode in which the Java heap is
#     placed in the first 4GB address space. The Java Heap base address is the
#     maximum limit for the native heap growth. Please use -XX:HeapBaseMinAddress
#     to set the Java Heap base and to place the Java Heap above 4GB virtual address.
# This output file may be truncated or incomplete.
#
#  Out of Memory Error (allocation.cpp:389), pid=13572, tid=0x00000000000031dc
#
# JRE version: OpenJDK Runtime Environment (8.0_242-b01) (build 1.8.0_242-release-1644-b01)
# Java VM: OpenJDK 64-Bit Server VM (25.242-b01 mixed mode windows-amd64 compressed oops)
# Failed to write core dump. Minidumps are not enabled by default on client versions of Windows
#

---------------  T H R E A D  ---------------

Current thread (0x0000000018a21800):  JavaThread "C2 CompilerThread0" daemon [_thread_in_native, id=12764, stack(0x0000000019300000,0x0000000019400000)]

Stack: [0x0000000019300000,0x0000000019400000]
[error occurred during error reporting (printing stack bounds), id 0xc0000005]

Native frames: (J=compiled Java code, j=interpreted, Vv=VM code, C=native code)


Current CompileTask:
C2:   4832 3334       4       org.jetbrains.org.objectweb.asm.ClassReader::readMethod (1117 bytes)


---------------  P R O C E S S  ---------------

Java Threads: ( => current thread )
  0x0000000019ca1000 JavaThread "RMI RenewClean-[127.0.0.1:59681,org.jetbrains.kotlin.daemon.common.LoopbackNetworkInterface$ClientLoopbackSocketFactory@4b090432]" daemon [_thread_blocked, id=1012, stack(0x000000001afb0000,0x000000001b0b0000)]
  0x0000000019c4c000 JavaThread "RMI TCP Connection(2)-127.0.0.1" daemon [_thread_in_Java, id=15164, stack(0x000000001aeb0000,0x000000001afb0000)]
  0x0000000019c48000 JavaThread "RMI Scheduler(0)" daemon [_thread_blocked, id=2800, stack(0x000000001adb0000,0x000000001aeb0000)]
  0x0000000019c2b000 JavaThread "RMI TCP Connection(1)-127.0.0.1" daemon [_thread_in_native, id=15136, stack(0x000000001aab0000,0x000000001abb0000)]
  0x0000000002d62800 JavaThread "DestroyJavaVM" [_thread_blocked, id=10252, stack(0x0000000002c60000,0x0000000002d60000)]
  0x0000000019bf5000 JavaThread "GC Daemon" daemon [_thread_blocked, id=12828, stack(0x000000001a860000,0x000000001a960000)]
  0x0000000019beb800 JavaThread "RMI Reaper" [_thread_blocked, id=16084, stack(0x000000001a760000,0x000000001a860000)]
  0x0000000019b51000 JavaThread "Timer-0" daemon [_thread_blocked, id=12752, stack(0x000000001a560000,0x000000001a660000)]
  0x0000000019b50000 JavaThread "RMI TCP Accept-17783" daemon [_thread_in_native, id=9548, stack(0x000000001a460000,0x000000001a560000)]
  0x0000000018ac3000 JavaThread "Service Thread" daemon [_thread_blocked, id=11188, stack(0x0000000019700000,0x0000000019800000)]
  0x0000000018a39800 JavaThread "C1 CompilerThread3" daemon [_thread_in_vm, id=15536, stack(0x0000000019600000,0x0000000019700000)]
  0x0000000018a2e000 JavaThread "C2 CompilerThread2" daemon [_thread_in_native, id=7176, stack(0x0000000019500000,0x0000000019600000)]
  0x0000000018a26800 JavaThread "C2 CompilerThread1" daemon [_thread_in_native, id=2548, stack(0x0000000019400000,0x0000000019500000)]
=>0x0000000018a21800 JavaThread "C2 CompilerThread0" daemon [_thread_in_native, id=12764, stack(0x0000000019300000,0x0000000019400000)]
  0x0000000018a21000 JavaThread "Attach Listener" daemon [_thread_blocked, id=7884, stack(0x0000000019200000,0x0000000019300000)]
  0x0000000018a20000 JavaThread "Signal Dispatcher" daemon [_thread_blocked, id=14660, stack(0x0000000019100000,0x0000000019200000)]
  0x0000000018a10800 JavaThread "Finalizer" daemon [_thread_blocked, id=9680, stack(0x0000000018ef0000,0x0000000018ff0000)]
  0x0000000016c1c000 JavaThread "Reference Handler" daemon [_thread_blocked, id=11448, stack(0x0000000018df0000,0x0000000018ef0000)]

Other Threads:
  0x0000000016c19000 VMThread [stack: 0x00000000188f0000,0x00000000189f0000] [id=6920]
  0x0000000018ac3800 WatcherThread [stack: 0x0000000019800000,0x0000000019900000] [id=7088]

VM state:not at safepoint (normal execution)

VM Mutex/Monitor currently owned by a thread: None

heap address: 0x00000000a0000000, size: 1536 MB, Compressed Oops mode: 32-bit
Narrow klass base: 0x0000000000000000, Narrow klass shift: 3
Compressed class space size: 1073741824 Address: 0x0000000100000000

Heap:
 PSYoungGen      total 105984K, used 56914K [0x00000000e0000000, 0x00000000e6f80000, 0x0000000100000000)
  eden space 98304K, 57% used [0x00000000e0000000,0x00000000e3794a98,0x00000000e6000000)
  from space 7680K, 0% used [0x00000000e6000000,0x00000000e6000000,0x00000000e6780000)
  to   space 7680K, 0% used [0x00000000e6800000,0x00000000e6800000,0x00000000e6f80000)
 ParOldGen       total 153088K, used 21720K [0x00000000a0000000, 0x00000000a9580000, 0x00000000e0000000)
  object space 153088K, 14% used [0x00000000a0000000,0x00000000a15363d8,0x00000000a9580000)
 Metaspace       used 39342K, capacity 39931K, committed 40488K, reserved 1085440K
  class space    used 4933K, capacity 5098K, committed 5168K, reserved 1048576K

Card table byte_map: [0x0000000012220000,0x0000000012530000] byte_map_base: 0x0000000011d20000

Marking Bits: (ParMarkBitMap*) 0x000000006cb4f030
 Begin Bits: [0x0000000012f30000, 0x0000000014730000)
 End Bits:   [0x0000000014730000, 0x0000000015f30000)

Polling page: 0x0000000002bd0000

CodeCache: size=245760Kb used=10908Kb max_used=10908Kb free=234851Kb
 bounds [0x0000000002e60000, 0x0000000003920000, 0x0000000011e60000]
 total_blobs=3835 nmethods=3353 adapters=394
 compilation: enabled

Compilation events (10 events):
Event: 4.815 Thread 0x0000000018a39800 3356       3       org.jetbrains.kotlin.types.FlexibleType::getConstructor (8 bytes)
Event: 4.815 Thread 0x0000000018a39800 nmethod 3356 0x000000000390ec50 code [0x000000000390edc0, 0x000000000390f098]
Event: 4.815 Thread 0x0000000018a39800 3357       3       kotlin.collections.CollectionsKt___CollectionsKt::asSequence (18 bytes)
Event: 4.815 Thread 0x0000000018a39800 nmethod 3357 0x000000000390f190 code [0x000000000390f320, 0x000000000390f648]
Event: 4.815 Thread 0x0000000018a39800 3359       1       org.jetbrains.kotlin.types.TypeSubstitutor::getSubstitution (5 bytes)
Event: 4.815 Thread 0x0000000018a39800 nmethod 3359 0x000000000390f790 code [0x000000000390f8e0, 0x000000000390f9f0]
Event: 4.815 Thread 0x0000000018a39800 3360       1       org.jetbrains.kotlin.descriptors.impl.FunctionDescriptorImpl::getModality (5 bytes)
Event: 4.815 Thread 0x0000000018a39800 nmethod 3360 0x000000000390fa50 code [0x000000000390fba0, 0x000000000390fcb0]
Event: 4.828 Thread 0x0000000018a39800 3361       3       java.lang.Integer::numberOfLeadingZeros (76 bytes)
Event: 4.828 Thread 0x0000000018a39800 nmethod 3361 0x000000000390fd10 code [0x000000000390fe80, 0x0000000003910130]

GC Heap History (10 events):
Event: 1.640 GC heap before
{Heap before GC invocations=4 (full 1):
 PSYoungGen      total 56832K, used 26643K [0x00000000e0000000, 0x00000000e6f00000, 0x0000000100000000)
  eden space 49152K, 38% used [0x00000000e0000000,0x00000000e128c520,0x00000000e3000000)
  from space 7680K, 99% used [0x00000000e3780000,0x00000000e3ef8910,0x00000000e3f00000)
  to   space 7680K, 0% used [0x00000000e3000000,0x00000000e3000000,0x00000000e3780000)
 ParOldGen       total 130048K, used 6256K [0x00000000a0000000, 0x00000000a7f00000, 0x00000000e0000000)
  object space 130048K, 4% used [0x00000000a0000000,0x00000000a061c090,0x00000000a7f00000)
 Metaspace       used 20806K, capacity 21156K, committed 21296K, reserved 1069056K
  class space    used 2489K, capacity 2582K, committed 2608K, reserved 1048576K
Event: 1.646 GC heap after
Heap after GC invocations=4 (full 1):
 PSYoungGen      total 56832K, used 7654K [0x00000000e0000000, 0x00000000e6f00000, 0x0000000100000000)
  eden space 49152K, 0% used [0x00000000e0000000,0x00000000e0000000,0x00000000e3000000)
  from space 7680K, 99% used [0x00000000e3000000,0x00000000e3779b68,0x00000000e3780000)
  to   space 7680K, 0% used [0x00000000e6780000,0x00000000e6780000,0x00000000e6f00000)
 ParOldGen       total 130048K, used 7219K [0x00000000a0000000, 0x00000000a7f00000, 0x00000000e0000000)
  object space 130048K, 5% used [0x00000000a0000000,0x00000000a070ce38,0x00000000a7f00000)
 Metaspace       used 20806K, capacity 21156K, committed 21296K, reserved 1069056K
  class space    used 2489K, capacity 2582K, committed 2608K, reserved 1048576K
}
Event: 1.646 GC heap before
{Heap before GC invocations=5 (full 2):
 PSYoungGen      total 56832K, used 7654K [0x00000000e0000000, 0x00000000e6f00000, 0x0000000100000000)
  eden space 49152K, 0% used [0x00000000e0000000,0x00000000e0000000,0x00000000e3000000)
  from space 7680K, 99% used [0x00000000e3000000,0x00000000e3779b68,0x00000000e3780000)
  to   space 7680K, 0% used [0x00000000e6780000,0x00000000e6780000,0x00000000e6f00000)
 ParOldGen       total 130048K, used 7219K [0x00000000a0000000, 0x00000000a7f00000, 0x00000000e0000000)
  object space 130048K, 5% used [0x00000000a0000000,0x00000000a070ce38,0x00000000a7f00000)
 Metaspace       used 20806K, capacity 21156K, committed 21296K, reserved 1069056K
  class space    used 2489K, capacity 2582K, committed 2608K, reserved 1048576K
Event: 1.675 GC heap after
Heap after GC invocations=5 (full 2):
 PSYoungGen      total 56832K, used 0K [0x00000000e0000000, 0x00000000e6f00000, 0x0000000100000000)
  eden space 49152K, 0% used [0x00000000e0000000,0x00000000e0000000,0x00000000e3000000)
  from space 7680K, 0% used [0x00000000e3000000,0x00000000e3000000,0x00000000e3780000)
  to   space 7680K, 0% used [0x00000000e6780000,0x00000000e6780000,0x00000000e6f00000)
 ParOldGen       total 89088K, used 9804K [0x00000000a0000000, 0x00000000a5700000, 0x00000000e0000000)
  object space 89088K, 11% used [0x00000000a0000000,0x00000000a0993258,0x00000000a5700000)
 Metaspace       used 20806K, capacity 21156K, committed 21296K, reserved 1069056K
  class space    used 2489K, capacity 2582K, committed 2608K, reserved 1048576K
}
Event: 2.576 GC heap before
{Heap before GC invocations=6 (full 2):
 PSYoungGen      total 56832K, used 49152K [0x00000000e0000000, 0x00000000e6f00000, 0x0000000100000000)
  eden space 49152K, 100% used [0x00000000e0000000,0x00000000e3000000,0x00000000e3000000)
  from space 7680K, 0% used [0x00000000e3000000,0x00000000e3000000,0x00000000e3780000)
  to   space 7680K, 0% used [0x00000000e6780000,0x00000000e6780000,0x00000000e6f00000)
 ParOldGen       total 89088K, used 9804K [0x00000000a0000000, 0x00000000a5700000, 0x00000000e0000000)
  object space 89088K, 11% used [0x00000000a0000000,0x00000000a0993258,0x00000000a5700000)
 Metaspace       used 27986K, capacity 28445K, committed 28848K, reserved 1075200K
  class space    used 3546K, capacity 3705K, committed 3760K, reserved 1048576K
Event: 2.586 GC heap after
Heap after GC invocations=6 (full 2):
 PSYoungGen      total 78336K, used 7675K [0x00000000e0000000, 0x00000000e6f00000, 0x0000000100000000)
  eden space 70656K, 0% used [0x00000000e0000000,0x00000000e0000000,0x00000000e4500000)
  from space 7680K, 99% used [0x00000000e6780000,0x00000000e6efedf8,0x00000000e6f00000)
  to   space 7680K, 0% used [0x00000000e6000000,0x00000000e6000000,0x00000000e6780000)
 ParOldGen       total 89088K, used 13347K [0x00000000a0000000, 0x00000000a5700000, 0x00000000e0000000)
  object space 89088K, 14% used [0x00000000a0000000,0x00000000a0d08e90,0x00000000a5700000)
 Metaspace       used 27986K, capacity 28445K, committed 28848K, reserved 1075200K
  class space    used 3546K, capacity 3705K, committed 3760K, reserved 1048576K
}
Event: 3.884 GC heap before
{Heap before GC invocations=7 (full 2):
 PSYoungGen      total 78336K, used 50470K [0x00000000e0000000, 0x00000000e6f00000, 0x0000000100000000)
  eden space 70656K, 60% used [0x00000000e0000000,0x00000000e29cac58,0x00000000e4500000)
  from space 7680K, 99% used [0x00000000e6780000,0x00000000e6efedf8,0x00000000e6f00000)
  to   space 7680K, 0% used [0x00000000e6000000,0x00000000e6000000,0x00000000e6780000)
 ParOldGen       total 89088K, used 13347K [0x00000000a0000000, 0x00000000a5700000, 0x00000000e0000000)
  object space 89088K, 14% used [0x00000000a0000000,0x00000000a0d08e90,0x00000000a5700000)
 Metaspace       used 34618K, capacity 35145K, committed 35496K, reserved 1081344K
  class space    used 4356K, capacity 4517K, committed 4528K, reserved 1048576K
Event: 3.894 GC heap after
Heap after GC invocations=7 (full 2):
 PSYoungGen      total 105984K, used 7675K [0x00000000e0000000, 0x00000000e6f80000, 0x0000000100000000)
  eden space 98304K, 0% used [0x00000000e0000000,0x00000000e0000000,0x00000000e6000000)
  from space 7680K, 99% used [0x00000000e6000000,0x00000000e677efe8,0x00000000e6780000)
  to   space 7680K, 0% used [0x00000000e6800000,0x00000000e6800000,0x00000000e6f80000)
 ParOldGen       total 89088K, used 21454K [0x00000000a0000000, 0x00000000a5700000, 0x00000000e0000000)
  object space 89088K, 24% used [0x00000000a0000000,0x00000000a14f3868,0x00000000a5700000)
 Metaspace       used 34618K, capacity 35145K, committed 35496K, reserved 1081344K
  class space    used 4356K, capacity 4517K, committed 4528K, reserved 1048576K
}
Event: 3.894 GC heap before
{Heap before GC invocations=8 (full 3):
 PSYoungGen      total 105984K, used 7675K [0x00000000e0000000, 0x00000000e6f80000, 0x0000000100000000)
  eden space 98304K, 0% used [0x00000000e0000000,0x00000000e0000000,0x00000000e6000000)
  from space 7680K, 99% used [0x00000000e6000000,0x00000000e677efe8,0x00000000e6780000)
  to   space 7680K, 0% used [0x00000000e6800000,0x00000000e6800000,0x00000000e6f80000)
 ParOldGen       total 89088K, used 21454K [0x00000000a0000000, 0x00000000a5700000, 0x00000000e0000000)
  object space 89088K, 24% used [0x00000000a0000000,0x00000000a14f3868,0x00000000a5700000)
 Metaspace       used 34618K, capacity 35145K, committed 35496K, reserved 1081344K
  class space    used 4356K, capacity 4517K, committed 4528K, reserved 1048576K
Event: 3.961 GC heap after
Heap after GC invocations=8 (full 3):
 PSYoungGen      total 105984K, used 0K [0x00000000e0000000, 0x00000000e6f80000, 0x0000000100000000)
  eden space 98304K, 0% used [0x00000000e0000000,0x00000000e0000000,0x00000000e6000000)
  from space 7680K, 0% used [0x00000000e6000000,0x00000000e6000000,0x00000000e6780000)
  to   space 7680K, 0% used [0x00000000e6800000,0x00000000e6800000,0x00000000e6f80000)
 ParOldGen       total 153088K, used 21720K [0x00000000a0000000, 0x00000000a9580000, 0x00000000e0000000)
  object space 153088K, 14% used [0x00000000a0000000,0x00000000a15363d8,0x00000000a9580000)
 Metaspace       used 34618K, capacity 35145K, committed 35496K, reserved 1081344K
  class space    used 4356K, capacity 4517K, committed 4528K, reserved 1048576K
}

Deoptimization events (10 events):
Event: 4.565 Thread 0x0000000019c4c000 Uncommon trap: reason=bimorphic action=maybe_recompile pc=0x00000000032b9d08 method=java.util.HashMap.putVal(ILjava/lang/Object;Ljava/lang/Object;ZZ)Ljava/lang/Object; @ 203
Event: 4.677 Thread 0x0000000019c4c000 Uncommon trap: reason=unstable_if action=reinterpret pc=0x0000000003319e10 method=java.lang.String.regionMatches(ILjava/lang/String;II)Z @ 55
Event: 4.710 Thread 0x0000000019c4c000 Uncommon trap: reason=bimorphic action=maybe_recompile pc=0x000000000386a860 method=java.util.regex.Pattern$Start.match(Ljava/util/regex/Matcher;ILjava/lang/CharSequence;)Z @ 44
Event: 4.710 Thread 0x0000000019c4c000 Uncommon trap: reason=class_check action=maybe_recompile pc=0x00000000035f0c48 method=java.lang.AbstractStringBuilder.append(Ljava/lang/CharSequence;)Ljava/lang/AbstractStringBuilder; @ 37
Event: 4.710 Thread 0x0000000019c4c000 Uncommon trap: reason=bimorphic action=maybe_recompile pc=0x000000000386a860 method=java.util.regex.Pattern$Start.match(Ljava/util/regex/Matcher;ILjava/lang/CharSequence;)Z @ 44
Event: 4.745 Thread 0x0000000019c4c000 Uncommon trap: reason=bimorphic action=maybe_recompile pc=0x000000000386a860 method=java.util.regex.Pattern$Start.match(Ljava/util/regex/Matcher;ILjava/lang/CharSequence;)Z @ 44
Event: 4.745 Thread 0x0000000019c4c000 Uncommon trap: reason=class_check action=maybe_recompile pc=0x00000000035f0c48 method=java.lang.AbstractStringBuilder.append(Ljava/lang/CharSequence;)Ljava/lang/AbstractStringBuilder; @ 37
Event: 4.745 Thread 0x0000000019c4c000 Uncommon trap: reason=bimorphic action=maybe_recompile pc=0x000000000386a860 method=java.util.regex.Pattern$Start.match(Ljava/util/regex/Matcher;ILjava/lang/CharSequence;)Z @ 44
Event: 4.745 Thread 0x0000000019c4c000 Uncommon trap: reason=class_check action=maybe_recompile pc=0x00000000035f0c48 method=java.lang.AbstractStringBuilder.append(Ljava/lang/CharSequence;)Ljava/lang/AbstractStringBuilder; @ 37
Event: 4.745 Thread 0x0000000019c4c000 Uncommon trap: reason=class_check action=maybe_recompile pc=0x00000000035f0c48 method=java.lang.AbstractStringBuilder.append(Ljava/lang/CharSequence;)Ljava/lang/AbstractStringBuilder; @ 37

Classes redefined (0 events):
No events

Internal exceptions (10 events):
Event: 1.088 Thread 0x0000000019c4c000 Exception <a 'java/lang/ArrayIndexOutOfBoundsException'> (0x00000000e22a8318) thrown at [C:\src\AOSP-openjdk-git\hotspot\src\share\vm\runtime\sharedRuntime.cpp, line 605]
Event: 1.585 Thread 0x0000000019c4c000 Exception <a 'java/lang/NoSuchMethodError': java.lang.Object.lambda$comparing$77a9974f$1(Ljava/util/function/Function;Ljava/lang/Object;Ljava/lang/Object;)I> (0x00000000e0f441d0) thrown at [C:\src\AOSP-openjdk-git\hotspot\src\share\vm\interpreter\linkReso
Event: 1.718 Thread 0x0000000019c4c000 Exception <a 'java/lang/ArrayIndexOutOfBoundsException': 67> (0x00000000e029b608) thrown at [C:\src\AOSP-openjdk-git\hotspot\src\share\vm\interpreter\interpreterRuntime.cpp, line 368]
Event: 1.843 Thread 0x0000000019c4c000 Exception <a 'java/lang/NoSuchMethodError': java.lang.Object.lambda$static$0(I)[Lorg/jetbrains/kotlin/com/intellij/openapi/editor/event/DocumentListener;> (0x00000000e0b24f78) thrown at [C:\src\AOSP-openjdk-git\hotspot\src\share\vm\interpreter\linkResolve
Event: 1.870 Thread 0x0000000019c4c000 Exception <a 'java/lang/NoSuchMethodError': java.lang.Object.lambda$static$0(I)[Lorg/jetbrains/kotlin/com/intellij/psi/PsiAnnotation;> (0x00000000e0d10520) thrown at [C:\src\AOSP-openjdk-git\hotspot\src\share\vm\interpreter\linkResolver.cpp, line 620]
Event: 4.020 Thread 0x0000000019c4c000 Exception <a 'java/lang/NoSuchMethodError': java.lang.Object.lambda$static$0(I)[Lorg/jetbrains/kotlin/psi/KtExpression;> (0x00000000e00b18b0) thrown at [C:\src\AOSP-openjdk-git\hotspot\src\share\vm\interpreter\linkResolver.cpp, line 620]
Event: 4.096 Thread 0x0000000019c4c000 Exception <a 'java/lang/NoSuchMethodError': java.lang.Object.lambda$static$0(I)[Lorg/jetbrains/kotlin/psi/KtDeclaration;> (0x00000000e033f708) thrown at [C:\src\AOSP-openjdk-git\hotspot\src\share\vm\interpreter\linkResolver.cpp, line 620]
Event: 4.105 Thread 0x0000000019c4c000 Exception <a 'java/lang/NoSuchMethodError': java.lang.Object.lambda$static$0(I)[Lorg/jetbrains/kotlin/com/intellij/psi/PsiElement;> (0x00000000e03a6ea8) thrown at [C:\src\AOSP-openjdk-git\hotspot\src\share\vm\interpreter\linkResolver.cpp, line 620]
Event: 4.123 Thread 0x0000000019c4c000 Exception <a 'java/lang/NoSuchMethodError': java.lang.Object.lambda$static$0(I)[Lorg/jetbrains/kotlin/psi/KtTypeElement;> (0x00000000e047fcb8) thrown at [C:\src\AOSP-openjdk-git\hotspot\src\share\vm\interpreter\linkResolver.cpp, line 620]
Event: 4.718 Thread 0x0000000019c4c000 Exception <a 'java/lang/NoSuchMethodError': java.lang.Object.lambda$static$0(I)[Lorg/jetbrains/kotlin/com/intellij/psi/PsiClass;> (0x00000000e32672c8) thrown at [C:\src\AOSP-openjdk-git\hotspot\src\share\vm\interpreter\linkResolver.cpp, line 620]

Events (10 events):
Event: 4.800 loading class org/jetbrains/kotlin/types/TypeSubstitutor$2
Event: 4.800 loading class org/jetbrains/kotlin/types/TypeSubstitutor$2 done
Event: 4.801 loading class org/jetbrains/kotlin/descriptors/impl/FunctionDescriptorImpl$1
Event: 4.801 loading class org/jetbrains/kotlin/descriptors/impl/FunctionDescriptorImpl$1 done
Event: 4.802 loading class org/jetbrains/kotlin/load/java/ErasedOverridabilityCondition$WhenMappings
Event: 4.802 loading class org/jetbrains/kotlin/load/java/ErasedOverridabilityCondition$WhenMappings done
Event: 4.803 loading class org/jetbrains/kotlin/resolve/OverridingUtil$4
Event: 4.803 loading class org/jetbrains/kotlin/resolve/OverridingUtil$4 done
Event: 4.815 loading class org/jetbrains/kotlin/load/java/lazy/descriptors/LazyJavaTypeParameterDescriptor
Event: 4.815 loading class org/jetbrains/kotlin/load/java/lazy/descriptors/LazyJavaTypeParameterDescriptor done


Dynamic libraries:
0x00007ff62af20000 - 0x00007ff62af51000 	C:\Program Files\Android Studio\jre\jre\bin\java.exe
0x00007ff9c3690000 - 0x00007ff9c3886000 	C:\WINDOWS\SYSTEM32\ntdll.dll
0x00007ff9c1c80000 - 0x00007ff9c1d3d000 	C:\WINDOWS\System32\KERNEL32.DLL
0x00007ff9c1030000 - 0x00007ff9c12f8000 	C:\WINDOWS\System32\KERNELBASE.dll
0x00007ff9c34c0000 - 0x00007ff9c356c000 	C:\WINDOWS\System32\ADVAPI32.dll
0x00007ff9c20a0000 - 0x00007ff9c213e000 	C:\WINDOWS\System32\msvcrt.dll
0x00007ff9c3340000 - 0x00007ff9c33db000 	C:\WINDOWS\System32\sechost.dll
0x00007ff9c1a40000 - 0x00007ff9c1b64000 	C:\WINDOWS\System32\RPCRT4.dll
0x00007ff9c1ea0000 - 0x00007ff9c2040000 	C:\WINDOWS\System32\USER32.dll
0x00007ff9c1400000 - 0x00007ff9c1422000 	C:\WINDOWS\System32\win32u.dll
0x00007ff9c33e0000 - 0x00007ff9c340a000 	C:\WINDOWS\System32\GDI32.dll
0x00007ff9c1430000 - 0x00007ff9c1539000 	C:\WINDOWS\System32\gdi32full.dll
0x00007ff9c15d0000 - 0x00007ff9c166d000 	C:\WINDOWS\System32\msvcp_win.dll
0x00007ff9c0dd0000 - 0x00007ff9c0ed0000 	C:\WINDOWS\System32\ucrtbase.dll
0x00007ff9ac240000 - 0x00007ff9ac4db000 	C:\WINDOWS\WinSxS\amd64_microsoft.windows.common-controls_6595b64144ccf1df_6.0.19041.488_none_ca04af081b815d21\COMCTL32.dll
0x00007ff9c1bf0000 - 0x00007ff9c1c20000 	C:\WINDOWS\System32\IMM32.DLL
0x000000006c2a0000 - 0x000000006c372000 	C:\Program Files\Android Studio\jre\jre\bin\msvcr100.dll
0x000000006c380000 - 0x000000006cbcb000 	C:\Program Files\Android Studio\jre\jre\bin\server\jvm.dll
0x00007ff9c2e40000 - 0x00007ff9c2e48000 	C:\WINDOWS\System32\PSAPI.DLL
0x00007ff9b9e90000 - 0x00007ff9b9e9a000 	C:\WINDOWS\SYSTEM32\VERSION.dll
0x00007ff9bc6a0000 - 0x00007ff9bc6a9000 	C:\WINDOWS\SYSTEM32\WSOCK32.dll
0x00007ff9a4d30000 - 0x00007ff9a4d57000 	C:\WINDOWS\SYSTEM32\WINMM.dll
0x00007ff9c2e50000 - 0x00007ff9c2ebb000 	C:\WINDOWS\System32\WS2_32.dll
0x00007ff9bc690000 - 0x00007ff9bc69f000 	C:\Program Files\Android Studio\jre\jre\bin\verify.dll
0x00007ff9b9b40000 - 0x00007ff9b9b69000 	C:\Program Files\Android Studio\jre\jre\bin\java.dll
0x00007ff9b9b20000 - 0x00007ff9b9b36000 	C:\Program Files\Android Studio\jre\jre\bin\zip.dll
0x00007ff9c2150000 - 0x00007ff9c2891000 	C:\WINDOWS\System32\SHELL32.dll
0x00007ff9bee10000 - 0x00007ff9bf5a5000 	C:\WINDOWS\SYSTEM32\windows.storage.dll
0x00007ff9c2ec0000 - 0x00007ff9c3215000 	C:\WINDOWS\System32\combase.dll
0x00007ff9c0840000 - 0x00007ff9c086c000 	C:\WINDOWS\SYSTEM32\Wldp.dll
0x00007ff9c1930000 - 0x00007ff9c19de000 	C:\WINDOWS\System32\SHCORE.dll
0x00007ff9c2040000 - 0x00007ff9c2095000 	C:\WINDOWS\System32\shlwapi.dll
0x00007ff9c0d00000 - 0x00007ff9c0d26000 	C:\WINDOWS\SYSTEM32\profapi.dll
0x00007ff9bb980000 - 0x00007ff9bb98d000 	C:\Program Files\Android Studio\jre\jre\bin\management.dll
0x00007ff9b8280000 - 0x00007ff9b829a000 	C:\Program Files\Android Studio\jre\jre\bin\net.dll
0x00007ff9c05c0000 - 0x00007ff9c062a000 	C:\WINDOWS\system32\mswsock.dll
0x00007ff9b6720000 - 0x00007ff9b6733000 	C:\Program Files\Android Studio\jre\jre\bin\nio.dll
0x00007ff9c0790000 - 0x00007ff9c07a8000 	C:\WINDOWS\SYSTEM32\CRYPTSP.dll
0x00007ff9bfee0000 - 0x00007ff9bff14000 	C:\WINDOWS\system32\rsaenh.dll
0x00007ff9c15a0000 - 0x00007ff9c15c7000 	C:\WINDOWS\System32\bcrypt.dll
0x00007ff9c0cc0000 - 0x00007ff9c0cee000 	C:\WINDOWS\SYSTEM32\USERENV.dll
0x00007ff9c1670000 - 0x00007ff9c16ef000 	C:\WINDOWS\System32\bcryptprimitives.dll
0x00007ff9c07b0000 - 0x00007ff9c07bc000 	C:\WINDOWS\SYSTEM32\CRYPTBASE.dll
0x00007ff9c0260000 - 0x00007ff9c029b000 	C:\WINDOWS\SYSTEM32\IPHLPAPI.DLL
0x00007ff9c1e90000 - 0x00007ff9c1e98000 	C:\WINDOWS\System32\NSI.dll
0x00007ff9b88d0000 - 0x00007ff9b88e7000 	C:\WINDOWS\SYSTEM32\dhcpcsvc6.DLL
0x00007ff9b8860000 - 0x00007ff9b887d000 	C:\WINDOWS\SYSTEM32\dhcpcsvc.DLL
0x00007ff9c02b0000 - 0x00007ff9c037b000 	C:\WINDOWS\SYSTEM32\DNSAPI.dll

VM Arguments:
jvm_args: -Djava.awt.headless=true -Djava.rmi.server.hostname=127.0.0.1 -Xmx1536m -Dkotlin.environment.keepalive 
java_command: org.jetbrains.kotlin.daemon.KotlinCompileDaemon --daemon-runFilesPath C:\Users\Alexandr\AppData\Local\kotlin\daemon --daemon-autoshutdownIdleSeconds=7200 --daemon-compilerClasspath C:\Users\Alexandr\.gradle\caches\modules-2\files-2.1\org.jetbrains.kotlin\kotlin-compiler-embeddable\1.3.11\a8db6c14f8b8ed74aa11b8379f961587b639c571\kotlin-compiler-embeddable-1.3.11.jar;C:\Users\Alexandr\.gradle\caches\modules-2\files-2.1\org.jetbrains.kotlin\kotlin-reflect\1.3.11\aae7b33412715e9ed441934c4ffaad1bb80e9d36\kotlin-reflect-1.3.11.jar;C:\Users\Alexandr\.gradle\caches\modules-2\files-2.1\org.jetbrains.kotlin\kotlin-stdlib\1.3.11\4cbc5922a54376018307a731162ccaf3ef851a39\kotlin-stdlib-1.3.11.jar;C:\Users\Alexandr\.gradle\caches\modules-2\files-2.1\org.jetbrains.kotlin\kotlin-script-runtime\1.3.11\1ef3a816aeacb9cd051b3ed37e2abf88910f1503\kotlin-script-runtime-1.3.11.jar;C:\Users\Alexandr\.gradle\caches\modules-2\files-2.1\org.jetbrains.kotlin\kotlin-stdlib-common\1.3.11\d8b8e746e279f1c4f5e08bc14a96b82e6bb1de02\kotlin-stdlib-common-1.3.11.jar;C:\Users\Alexandr\.gradle\caches\modules-2\files-2.1\org.jetbrains\annotations\13.0\919f0dfe192fb4e063e7dacadee7f8bb9a2672a9\annotations-13.0.jar;C:\Program Files\Android Studio\jre\lib\tools.jar
java_class_path (initial): C:\Users\Alexandr\.gradle\caches\modules-2\files-2.1\org.jetbrains.kotlin\kotlin-compiler-embeddable\1.3.11\a8db6c14f8b8ed74aa11b8379f961587b639c571\kotlin-compiler-embeddable-1.3.11.jar;C:\Users\Alexandr\.gradle\caches\modules-2\files-2.1\org.jetbrains.kotlin\kotlin-reflect\1.3.11\aae7b33412715e9ed441934c4ffaad1bb80e9d36\kotlin-reflect-1.3.11.jar;C:\Users\Alexandr\.gradle\caches\modules-2\files-2.1\org.jetbrains.kotlin\kotlin-stdlib\1.3.11\4cbc5922a54376018307a731162ccaf3ef851a39\kotlin-stdlib-1.3.11.jar;C:\Users\Alexandr\.gradle\caches\modules-2\files-2.1\org.jetbrains.kotlin\kotlin-script-runtime\1.3.11\1ef3a816aeacb9cd051b3ed37e2abf88910f1503\kotlin-script-runtime-1.3.11.jar;C:\Users\Alexandr\.gradle\caches\modules-2\files-2.1\org.jetbrains.kotlin\kotlin-stdlib-common\1.3.11\d8b8e746e279f1c4f5e08bc14a96b82e6bb1de02\kotlin-stdlib-common-1.3.11.jar;C:\Users\Alexandr\.gradle\caches\modules-2\files-2.1\org.jetbrains\annotations\13.0\919f0dfe192fb4e063e7dacadee7f8bb9a2672a9\annotations-13.0.jar;C:\Program Files\Android Studio\jre\lib\tools.jar
Launcher Type: SUN_STANDARD

Environment Variables:
JAVA_HOME=C:\Program Files\Java\jdk-15.0.1\bin
PATH=C:\Program Files\Common Files\Oracle\Java\javapath;C:\WINDOWS\system32;C:\WINDOWS;C:\WINDOWS\System32\Wbem;C:\WINDOWS\System32\WindowsPowerShell\v1.0\;C:\WINDOWS\System32\OpenSSH\;C:\Program Files\NVIDIA Corporation\NVIDIA NvDLISR;C:\Program Files (x86)\NVIDIA Corporation\PhysX\Common;C:\Program Files\Microsoft SQL Server\130\Tools\Binn\;C:\Program Files\Microsoft SQL Server\Client SDK\ODBC\170\Tools\Binn\;C:\Program Files\dotnet\;C:\Program Files (x86)\dotnet\;C:\Program Files\Java\jdk-15.0.1\bin;C:\Users\Alexandr\.dotnet\tools;C:\Programs\PyCharm 2020.1\bin;
USERNAME=Alexandr
OS=Windows_NT
PROCESSOR_IDENTIFIER=Intel64 Family 6 Model 165 Stepping 2, GenuineIntel



---------------  S Y S T E M  ---------------

OS: Windows 10.0 , 64 bit Build 19041 (10.0.19041.546)

CPU:total 8 (initial active 8) (4 cores per cpu, 2 threads per core) family 6 model 165 stepping 2, cmov, cx8, fxsr, mmx, sse, sse2, sse3, ssse3, sse4.1, sse4.2, popcnt, avx, avx2, aes, clmul, erms, 3dnowpref, lzcnt, ht, tsc, tscinvbit, bmi1, bmi2, adx

Memory: 4k page, physical 12447536k(54968k free), swap 18749232k(1420k free)

vm_info: OpenJDK 64-Bit Server VM (25.242-b01) for windows-amd64 JRE (1.8.0_242-release-1644-b01), built by "builder" with MS VC++ 10.0 (VS2010)

time: Wed Feb 17 00:59:43 2021
timezone: RTZ 2 (зима)
elapsed time: 4 seconds (0d 0h 0m 4s)

